Dakota version 6.2+ (stable) released Oct  8 2015.
Subversion revision 3673 built Oct  8 2015 15:19:30.
Running MPI Dakota executable in serial mode.
Start time: Fri Oct  9 09:55:59 2015

-----------------------
Begin DAKOTA input file
TurbofanParamStudy.in
-----------------------
# Dakota Input File: TurbofanParamStudy.in
# Usage:
#   dakota -i TurbofanParamStudy.in -o ./dakota/TurbofanParamStudy.out > ./dakota/TurbofanParamStudy.stdout

environment
  graphics
  tabular_data
    tabular_data_file = './dakota/TurbofanParamStudy.dat'

method
  multidim_parameter_study
    partitions = 8 8

model
  single

variables
  continuous_design = 2
    lower_bounds      0.0      0.0
    upper_bounds      40000.0  0.95
    descriptors       'alt'    "mach"

interface
  analysis_driver = 'matlab -nojvm -nodisplay -nosplash < dakotaInterfaceTurbofanModel.m'
    fork
    parameters_file = 'params.in'
    results_file    = 'results.out'

responses
  response_functions = 1
  no_gradients
  no_hessians
---------------------
End DAKOTA input file
---------------------

Using Dakota input file 'TurbofanParamStudy.in'
Writing new restart file dakota.rst

>>>>> Executing environment.

>>>>> Running multidim_parameter_study iterator.

Multidimensional parameter study variable partitions of
                                     8
                                     8

---------------------
Begin Evaluation    1
---------------------
Parameters for evaluation 1:
                      0.0000000000e+00 alt
                      0.0000000000e+00 mach

blocking fork: matlab -nojvm -nodisplay -nosplash < dakotaInterfaceTurbofanModel.m params.in results.out

Active response data for evaluation 1:
Active set vector = { 1 }
                      6.9226500000e-01 response_fn_1



---------------------
Begin Evaluation    2
---------------------
Parameters for evaluation 2:
                      5.0000000000e+03 alt
                      0.0000000000e+00 mach

blocking fork: matlab -nojvm -nodisplay -nosplash < dakotaInterfaceTurbofanModel.m params.in results.out

Active response data for evaluation 2:
Active set vector = { 1 }
                      6.8785100000e-01 response_fn_1



---------------------
Begin Evaluation    3
---------------------
Parameters for evaluation 3:
                      1.0000000000e+04 alt
                      0.0000000000e+00 mach

blocking fork: matlab -nojvm -nodisplay -nosplash < dakotaInterfaceTurbofanModel.m params.in results.out

Active response data for evaluation 3:
Active set vector = { 1 }
                      6.8547700000e-01 response_fn_1



---------------------
Begin Evaluation    4
---------------------
Parameters for evaluation 4:
                      1.5000000000e+04 alt
                      0.0000000000e+00 mach

blocking fork: matlab -nojvm -nodisplay -nosplash < dakotaInterfaceTurbofanModel.m params.in results.out

Active response data for evaluation 4:
Active set vector = { 1 }
                      6.8558800000e-01 response_fn_1



---------------------
Begin Evaluation    5
---------------------
Parameters for evaluation 5:
                      2.0000000000e+04 alt
                      0.0000000000e+00 mach

blocking fork: matlab -nojvm -nodisplay -nosplash < dakotaInterfaceTurbofanModel.m params.in results.out

Active response data for evaluation 5:
Active set vector = { 1 }
                      6.8075500000e-01 response_fn_1



---------------------
Begin Evaluation    6
---------------------
Parameters for evaluation 6:
                      2.5000000000e+04 alt
                      0.0000000000e+00 mach

blocking fork: matlab -nojvm -nodisplay -nosplash < dakotaInterfaceTurbofanModel.m params.in results.out

Active response data for evaluation 6:
Active set vector = { 1 }
                      6.7679800000e-01 response_fn_1



---------------------
Begin Evaluation    7
---------------------
Parameters for evaluation 7:
                      3.0000000000e+04 alt
                      0.0000000000e+00 mach

blocking fork: matlab -nojvm -nodisplay -nosplash < dakotaInterfaceTurbofanModel.m params.in results.out

Active response data for evaluation 7:
Active set vector = { 1 }
                      6.7472900000e-01 response_fn_1



---------------------
Begin Evaluation    8
---------------------
Parameters for evaluation 8:
                      3.5000000000e+04 alt
                      0.0000000000e+00 mach

blocking fork: matlab -nojvm -nodisplay -nosplash < dakotaInterfaceTurbofanModel.m params.in results.out

Active response data for evaluation 8:
Active set vector = { 1 }
                      6.7419200000e-01 response_fn_1



---------------------
Begin Evaluation    9
---------------------
Parameters for evaluation 9:
                      4.0000000000e+04 alt
                      0.0000000000e+00 mach

blocking fork: matlab -nojvm -nodisplay -nosplash < dakotaInterfaceTurbofanModel.m params.in results.out

Active response data for evaluation 9:
Active set vector = { 1 }
                      6.7458600000e-01 response_fn_1



---------------------
Begin Evaluation   10
---------------------
Parameters for evaluation 10:
                      0.0000000000e+00 alt
                      1.1875000000e-01 mach

blocking fork: matlab -nojvm -nodisplay -nosplash < dakotaInterfaceTurbofanModel.m params.in results.out

Active response data for evaluation 10:
Active set vector = { 1 }
                      7.3436900000e-01 response_fn_1



---------------------
Begin Evaluation   11
---------------------
Parameters for evaluation 11:
                      5.0000000000e+03 alt
                      1.1875000000e-01 mach

blocking fork: matlab -nojvm -nodisplay -nosplash < dakotaInterfaceTurbofanModel.m params.in results.out

Active response data for evaluation 11:
Active set vector = { 1 }
                      7.2736400000e-01 response_fn_1



---------------------
Begin Evaluation   12
---------------------
Parameters for evaluation 12:
                      1.0000000000e+04 alt
                      1.1875000000e-01 mach

blocking fork: matlab -nojvm -nodisplay -nosplash < dakotaInterfaceTurbofanModel.m params.in results.out

Active response data for evaluation 12:
Active set vector = { 1 }
                      7.2274800000e-01 response_fn_1



---------------------
Begin Evaluation   13
---------------------
Parameters for evaluation 13:
                      1.5000000000e+04 alt
                      1.1875000000e-01 mach

blocking fork: matlab -nojvm -nodisplay -nosplash < dakotaInterfaceTurbofanModel.m params.in results.out

Active response data for evaluation 13:
Active set vector = { 1 }
                      7.2066000000e-01 response_fn_1



---------------------
Begin Evaluation   14
---------------------
Parameters for evaluation 14:
                      2.0000000000e+04 alt
                      1.1875000000e-01 mach

blocking fork: matlab -nojvm -nodisplay -nosplash < dakotaInterfaceTurbofanModel.m params.in results.out

Active response data for evaluation 14:
Active set vector = { 1 }
                      7.1461700000e-01 response_fn_1



---------------------
Begin Evaluation   15
---------------------
Parameters for evaluation 15:
                      2.5000000000e+04 alt
                      1.1875000000e-01 mach

blocking fork: matlab -nojvm -nodisplay -nosplash < dakotaInterfaceTurbofanModel.m params.in results.out

Active response data for evaluation 15:
Active set vector = { 1 }
                      7.0860200000e-01 response_fn_1



---------------------
Begin Evaluation   16
---------------------
Parameters for evaluation 16:
                      3.0000000000e+04 alt
                      1.1875000000e-01 mach

blocking fork: matlab -nojvm -nodisplay -nosplash < dakotaInterfaceTurbofanModel.m params.in results.out

Active response data for evaluation 16:
Active set vector = { 1 }
                      7.0476900000e-01 response_fn_1



---------------------
Begin Evaluation   17
---------------------
Parameters for evaluation 17:
                      3.5000000000e+04 alt
                      1.1875000000e-01 mach

blocking fork: matlab -nojvm -nodisplay -nosplash < dakotaInterfaceTurbofanModel.m params.in results.out

Active response data for evaluation 17:
Active set vector = { 1 }
                      7.0269100000e-01 response_fn_1



---------------------
Begin Evaluation   18
---------------------
Parameters for evaluation 18:
                      4.0000000000e+04 alt
                      1.1875000000e-01 mach

blocking fork: matlab -nojvm -nodisplay -nosplash < dakotaInterfaceTurbofanModel.m params.in results.out

Active response data for evaluation 18:
Active set vector = { 1 }
                      7.0280200000e-01 response_fn_1



---------------------
Begin Evaluation   19
---------------------
Parameters for evaluation 19:
                      0.0000000000e+00 alt
                      2.3750000000e-01 mach

blocking fork: matlab -nojvm -nodisplay -nosplash < dakotaInterfaceTurbofanModel.m params.in results.out

Active response data for evaluation 19:
Active set vector = { 1 }
                      7.7670200000e-01 response_fn_1



---------------------
Begin Evaluation   20
---------------------
Parameters for evaluation 20:
                      5.0000000000e+03 alt
                      2.3750000000e-01 mach

blocking fork: matlab -nojvm -nodisplay -nosplash < dakotaInterfaceTurbofanModel.m params.in results.out

Active response data for evaluation 20:
Active set vector = { 1 }
                      7.6723600000e-01 response_fn_1



---------------------
Begin Evaluation   21
---------------------
Parameters for evaluation 21:
                      1.0000000000e+04 alt
                      2.3750000000e-01 mach

blocking fork: matlab -nojvm -nodisplay -nosplash < dakotaInterfaceTurbofanModel.m params.in results.out

Active response data for evaluation 21:
Active set vector = { 1 }
                      7.6039800000e-01 response_fn_1



---------------------
Begin Evaluation   22
---------------------
Parameters for evaluation 22:
                      1.5000000000e+04 alt
                      2.3750000000e-01 mach

blocking fork: matlab -nojvm -nodisplay -nosplash < dakotaInterfaceTurbofanModel.m params.in results.out

Active response data for evaluation 22:
Active set vector = { 1 }
                      7.5594100000e-01 response_fn_1



---------------------
Begin Evaluation   23
---------------------
Parameters for evaluation 23:
                      2.0000000000e+04 alt
                      2.3750000000e-01 mach

blocking fork: matlab -nojvm -nodisplay -nosplash < dakotaInterfaceTurbofanModel.m params.in results.out

Active response data for evaluation 23:
Active set vector = { 1 }
                      7.5038400000e-01 response_fn_1



---------------------
Begin Evaluation   24
---------------------
Parameters for evaluation 24:
                      2.5000000000e+04 alt
                      2.3750000000e-01 mach

blocking fork: matlab -nojvm -nodisplay -nosplash < dakotaInterfaceTurbofanModel.m params.in results.out

Active response data for evaluation 24:
Active set vector = { 1 }
                      7.4216200000e-01 response_fn_1



---------------------
Begin Evaluation   25
---------------------
Parameters for evaluation 25:
                      3.0000000000e+04 alt
                      2.3750000000e-01 mach

blocking fork: matlab -nojvm -nodisplay -nosplash < dakotaInterfaceTurbofanModel.m params.in results.out

Active response data for evaluation 25:
Active set vector = { 1 }
                      7.3643200000e-01 response_fn_1



---------------------
Begin Evaluation   26
---------------------
Parameters for evaluation 26:
                      3.5000000000e+04 alt
                      2.3750000000e-01 mach

blocking fork: matlab -nojvm -nodisplay -nosplash < dakotaInterfaceTurbofanModel.m params.in results.out

Active response data for evaluation 26:
Active set vector = { 1 }
                      7.3269500000e-01 response_fn_1



---------------------
Begin Evaluation   27
---------------------
Parameters for evaluation 27:
                      4.0000000000e+04 alt
                      2.3750000000e-01 mach

blocking fork: matlab -nojvm -nodisplay -nosplash < dakotaInterfaceTurbofanModel.m params.in results.out

Active response data for evaluation 27:
Active set vector = { 1 }
                      7.3250200000e-01 response_fn_1



---------------------
Begin Evaluation   28
---------------------
Parameters for evaluation 28:
                      0.0000000000e+00 alt
                      3.5625000000e-01 mach

blocking fork: matlab -nojvm -nodisplay -nosplash < dakotaInterfaceTurbofanModel.m params.in results.out

Active response data for evaluation 28:
Active set vector = { 1 }
                      8.1860400000e-01 response_fn_1



---------------------
Begin Evaluation   29
---------------------
Parameters for evaluation 29:
                      5.0000000000e+03 alt
                      3.5625000000e-01 mach

blocking fork: matlab -nojvm -nodisplay -nosplash < dakotaInterfaceTurbofanModel.m params.in results.out

Active response data for evaluation 29:
Active set vector = { 1 }
                      8.0737000000e-01 response_fn_1



---------------------
Begin Evaluation   30
---------------------
Parameters for evaluation 30:
                      1.0000000000e+04 alt
                      3.5625000000e-01 mach

blocking fork: matlab -nojvm -nodisplay -nosplash < dakotaInterfaceTurbofanModel.m params.in results.out

Active response data for evaluation 30:
Active set vector = { 1 }
                      7.9805300000e-01 response_fn_1



---------------------
Begin Evaluation   31
---------------------
Parameters for evaluation 31:
                      1.5000000000e+04 alt
                      3.5625000000e-01 mach

blocking fork: matlab -nojvm -nodisplay -nosplash < dakotaInterfaceTurbofanModel.m params.in results.out

Active response data for evaluation 31:
Active set vector = { 1 }
                      7.9147400000e-01 response_fn_1



---------------------
Begin Evaluation   32
---------------------
Parameters for evaluation 32:
                      2.0000000000e+04 alt
                      3.5625000000e-01 mach

blocking fork: matlab -nojvm -nodisplay -nosplash < dakotaInterfaceTurbofanModel.m params.in results.out

Active response data for evaluation 32:
Active set vector = { 1 }
                      7.8815300000e-01 response_fn_1



---------------------
Begin Evaluation   33
---------------------
Parameters for evaluation 33:
                      2.5000000000e+04 alt
                      3.5625000000e-01 mach

blocking fork: matlab -nojvm -nodisplay -nosplash < dakotaInterfaceTurbofanModel.m params.in results.out

Active response data for evaluation 33:
Active set vector = { 1 }
                      7.7758300000e-01 response_fn_1



---------------------
Begin Evaluation   34
---------------------
Parameters for evaluation 34:
                      3.0000000000e+04 alt
                      3.5625000000e-01 mach

blocking fork: matlab -nojvm -nodisplay -nosplash < dakotaInterfaceTurbofanModel.m params.in results.out

Active response data for evaluation 34:
Active set vector = { 1 }
                      7.6982600000e-01 response_fn_1



---------------------
Begin Evaluation   35
---------------------
Parameters for evaluation 35:
                      3.5000000000e+04 alt
                      3.5625000000e-01 mach

blocking fork: matlab -nojvm -nodisplay -nosplash < dakotaInterfaceTurbofanModel.m params.in results.out

Active response data for evaluation 35:
Active set vector = { 1 }
                      7.6431400000e-01 response_fn_1



---------------------
Begin Evaluation   36
---------------------
Parameters for evaluation 36:
                      4.0000000000e+04 alt
                      3.5625000000e-01 mach

blocking fork: matlab -nojvm -nodisplay -nosplash < dakotaInterfaceTurbofanModel.m params.in results.out

Active response data for evaluation 36:
Active set vector = { 1 }
                      7.6379600000e-01 response_fn_1



---------------------
Begin Evaluation   37
---------------------
Parameters for evaluation 37:
                      0.0000000000e+00 alt
                      4.7500000000e-01 mach

blocking fork: matlab -nojvm -nodisplay -nosplash < dakotaInterfaceTurbofanModel.m params.in results.out

Active response data for evaluation 37:
Active set vector = { 1 }
                      8.5941700000e-01 response_fn_1



---------------------
Begin Evaluation   38
---------------------
Parameters for evaluation 38:
                      5.0000000000e+03 alt
                      4.7500000000e-01 mach

blocking fork: matlab -nojvm -nodisplay -nosplash < dakotaInterfaceTurbofanModel.m params.in results.out

Active response data for evaluation 38:
Active set vector = { 1 }
                      8.4639000000e-01 response_fn_1



---------------------
Begin Evaluation   39
---------------------
Parameters for evaluation 39:
                      1.0000000000e+04 alt
                      4.7500000000e-01 mach

blocking fork: matlab -nojvm -nodisplay -nosplash < dakotaInterfaceTurbofanModel.m params.in results.out

Active response data for evaluation 39:
Active set vector = { 1 }
                      8.3539900000e-01 response_fn_1



---------------------
Begin Evaluation   40
---------------------
Parameters for evaluation 40:
                      1.5000000000e+04 alt
                      4.7500000000e-01 mach

blocking fork: matlab -nojvm -nodisplay -nosplash < dakotaInterfaceTurbofanModel.m params.in results.out

Active response data for evaluation 40:
Active set vector = { 1 }
                      8.2704100000e-01 response_fn_1



---------------------
Begin Evaluation   41
---------------------
Parameters for evaluation 41:
                      2.0000000000e+04 alt
                      4.7500000000e-01 mach

blocking fork: matlab -nojvm -nodisplay -nosplash < dakotaInterfaceTurbofanModel.m params.in results.out

Active response data for evaluation 41:
Active set vector = { 1 }
                      8.2094400000e-01 response_fn_1



---------------------
Begin Evaluation   42
---------------------
Parameters for evaluation 42:
                      2.5000000000e+04 alt
                      4.7500000000e-01 mach

blocking fork: matlab -nojvm -nodisplay -nosplash < dakotaInterfaceTurbofanModel.m params.in results.out

Active response data for evaluation 42:
Active set vector = { 1 }
                      8.1504400000e-01 response_fn_1



---------------------
Begin Evaluation   43
---------------------
Parameters for evaluation 43:
                      3.0000000000e+04 alt
                      4.7500000000e-01 mach

blocking fork: matlab -nojvm -nodisplay -nosplash < dakotaInterfaceTurbofanModel.m params.in results.out

Active response data for evaluation 43:
Active set vector = { 1 }
                      8.0513100000e-01 response_fn_1



---------------------
Begin Evaluation   44
---------------------
Parameters for evaluation 44:
                      3.5000000000e+04 alt
                      4.7500000000e-01 mach

blocking fork: matlab -nojvm -nodisplay -nosplash < dakotaInterfaceTurbofanModel.m params.in results.out

Active response data for evaluation 44:
Active set vector = { 1 }
                      7.9772300000e-01 response_fn_1



---------------------
Begin Evaluation   45
---------------------
Parameters for evaluation 45:
                      4.0000000000e+04 alt
                      4.7500000000e-01 mach

blocking fork: matlab -nojvm -nodisplay -nosplash < dakotaInterfaceTurbofanModel.m params.in results.out

Active response data for evaluation 45:
Active set vector = { 1 }
                      7.9685800000e-01 response_fn_1



---------------------
Begin Evaluation   46
---------------------
Parameters for evaluation 46:
                      0.0000000000e+00 alt
                      5.9375000000e-01 mach

blocking fork: matlab -nojvm -nodisplay -nosplash < dakotaInterfaceTurbofanModel.m params.in results.out

Active response data for evaluation 46:
Active set vector = { 1 }
                      8.9901500000e-01 response_fn_1



---------------------
Begin Evaluation   47
---------------------
Parameters for evaluation 47:
                      5.0000000000e+03 alt
                      5.9375000000e-01 mach

blocking fork: matlab -nojvm -nodisplay -nosplash < dakotaInterfaceTurbofanModel.m params.in results.out

Active response data for evaluation 47:
Active set vector = { 1 }
                      8.8430200000e-01 response_fn_1



---------------------
Begin Evaluation   48
---------------------
Parameters for evaluation 48:
                      1.0000000000e+04 alt
                      5.9375000000e-01 mach

blocking fork: matlab -nojvm -nodisplay -nosplash < dakotaInterfaceTurbofanModel.m params.in results.out

Active response data for evaluation 48:
Active set vector = { 1 }
                      8.7219000000e-01 response_fn_1



---------------------
Begin Evaluation   49
---------------------
Parameters for evaluation 49:
                      1.5000000000e+04 alt
                      5.9375000000e-01 mach

blocking fork: matlab -nojvm -nodisplay -nosplash < dakotaInterfaceTurbofanModel.m params.in results.out

Active response data for evaluation 49:
Active set vector = { 1 }
                      8.6242400000e-01 response_fn_1



---------------------
Begin Evaluation   50
---------------------
Parameters for evaluation 50:
                      2.0000000000e+04 alt
                      5.9375000000e-01 mach

blocking fork: matlab -nojvm -nodisplay -nosplash < dakotaInterfaceTurbofanModel.m params.in results.out

Active response data for evaluation 50:
Active set vector = { 1 }
                      8.5468000000e-01 response_fn_1



---------------------
Begin Evaluation   51
---------------------
Parameters for evaluation 51:
                      2.5000000000e+04 alt
                      5.9375000000e-01 mach

blocking fork: matlab -nojvm -nodisplay -nosplash < dakotaInterfaceTurbofanModel.m params.in results.out

Active response data for evaluation 51:
Active set vector = { 1 }
                      8.4898900000e-01 response_fn_1



---------------------
Begin Evaluation   52
---------------------
Parameters for evaluation 52:
                      3.0000000000e+04 alt
                      5.9375000000e-01 mach

blocking fork: matlab -nojvm -nodisplay -nosplash < dakotaInterfaceTurbofanModel.m params.in results.out

Active response data for evaluation 52:
Active set vector = { 1 }
                      8.4261800000e-01 response_fn_1



---------------------
Begin Evaluation   53
---------------------
Parameters for evaluation 53:
                      3.5000000000e+04 alt
                      5.9375000000e-01 mach

blocking fork: matlab -nojvm -nodisplay -nosplash < dakotaInterfaceTurbofanModel.m params.in results.out

Active response data for evaluation 53:
Active set vector = { 1 }
                      8.3318100000e-01 response_fn_1



---------------------
Begin Evaluation   54
---------------------
Parameters for evaluation 54:
                      4.0000000000e+04 alt
                      5.9375000000e-01 mach

blocking fork: matlab -nojvm -nodisplay -nosplash < dakotaInterfaceTurbofanModel.m params.in results.out

Active response data for evaluation 54:
Active set vector = { 1 }
                      8.3194400000e-01 response_fn_1



---------------------
Begin Evaluation   55
---------------------
Parameters for evaluation 55:
                      0.0000000000e+00 alt
                      7.1250000000e-01 mach

blocking fork: matlab -nojvm -nodisplay -nosplash < dakotaInterfaceTurbofanModel.m params.in results.out

Active response data for evaluation 55:
Active set vector = { 1 }
                      9.3700600000e-01 response_fn_1



---------------------
Begin Evaluation   56
---------------------
Parameters for evaluation 56:
                      5.0000000000e+03 alt
                      7.1250000000e-01 mach

blocking fork: matlab -nojvm -nodisplay -nosplash < dakotaInterfaceTurbofanModel.m params.in results.out

Active response data for evaluation 56:
Active set vector = { 1 }
                      9.2137500000e-01 response_fn_1



---------------------
Begin Evaluation   57
---------------------
Parameters for evaluation 57:
                      1.0000000000e+04 alt
                      7.1250000000e-01 mach

blocking fork: matlab -nojvm -nodisplay -nosplash < dakotaInterfaceTurbofanModel.m params.in results.out

Active response data for evaluation 57:
Active set vector = { 1 }
                      9.0828000000e-01 response_fn_1



---------------------
Begin Evaluation   58
---------------------
Parameters for evaluation 58:
                      1.5000000000e+04 alt
                      7.1250000000e-01 mach

blocking fork: matlab -nojvm -nodisplay -nosplash < dakotaInterfaceTurbofanModel.m params.in results.out

Active response data for evaluation 58:
Active set vector = { 1 }
                      8.9747400000e-01 response_fn_1



---------------------
Begin Evaluation   59
---------------------
Parameters for evaluation 59:
                      2.0000000000e+04 alt
                      7.1250000000e-01 mach

blocking fork: matlab -nojvm -nodisplay -nosplash < dakotaInterfaceTurbofanModel.m params.in results.out

Active response data for evaluation 59:
Active set vector = { 1 }
                      8.8858000000e-01 response_fn_1



---------------------
Begin Evaluation   60
---------------------
Parameters for evaluation 60:
                      2.5000000000e+04 alt
                      7.1250000000e-01 mach

blocking fork: matlab -nojvm -nodisplay -nosplash < dakotaInterfaceTurbofanModel.m params.in results.out

Active response data for evaluation 60:
Active set vector = { 1 }
                      8.8138600000e-01 response_fn_1



---------------------
Begin Evaluation   61
---------------------
Parameters for evaluation 61:
                      3.0000000000e+04 alt
                      7.1250000000e-01 mach

blocking fork: matlab -nojvm -nodisplay -nosplash < dakotaInterfaceTurbofanModel.m params.in results.out

Active response data for evaluation 61:
Active set vector = { 1 }
                      8.7585500000e-01 response_fn_1



---------------------
Begin Evaluation   62
---------------------
Parameters for evaluation 62:
                      3.5000000000e+04 alt
                      7.1250000000e-01 mach

blocking fork: matlab -nojvm -nodisplay -nosplash < dakotaInterfaceTurbofanModel.m params.in results.out

Active response data for evaluation 62:
Active set vector = { 1 }
                      8.7104700000e-01 response_fn_1



---------------------
Begin Evaluation   63
---------------------
Parameters for evaluation 63:
                      4.0000000000e+04 alt
                      7.1250000000e-01 mach

blocking fork: matlab -nojvm -nodisplay -nosplash < dakotaInterfaceTurbofanModel.m params.in results.out

Active response data for evaluation 63:
Active set vector = { 1 }
                      8.6938600000e-01 response_fn_1



---------------------
Begin Evaluation   64
---------------------
Parameters for evaluation 64:
                      0.0000000000e+00 alt
                      8.3125000000e-01 mach

blocking fork: matlab -nojvm -nodisplay -nosplash < dakotaInterfaceTurbofanModel.m params.in results.out

Active response data for evaluation 64:
Active set vector = { 1 }
                      9.7341400000e-01 response_fn_1



---------------------
Begin Evaluation   65
---------------------
Parameters for evaluation 65:
                      5.0000000000e+03 alt
                      8.3125000000e-01 mach

blocking fork: matlab -nojvm -nodisplay -nosplash < dakotaInterfaceTurbofanModel.m params.in results.out

Active response data for evaluation 65:
Active set vector = { 1 }
                      9.5733600000e-01 response_fn_1



---------------------
Begin Evaluation   66
---------------------
Parameters for evaluation 66:
                      1.0000000000e+04 alt
                      8.3125000000e-01 mach

blocking fork: matlab -nojvm -nodisplay -nosplash < dakotaInterfaceTurbofanModel.m params.in results.out

Active response data for evaluation 66:
Active set vector = { 1 }
                      9.4371400000e-01 response_fn_1



---------------------
Begin Evaluation   67
---------------------
Parameters for evaluation 67:
                      1.5000000000e+04 alt
                      8.3125000000e-01 mach

blocking fork: matlab -nojvm -nodisplay -nosplash < dakotaInterfaceTurbofanModel.m params.in results.out

Active response data for evaluation 67:
Active set vector = { 1 }
                      9.3213700000e-01 response_fn_1



---------------------
Begin Evaluation   68
---------------------
Parameters for evaluation 68:
                      2.0000000000e+04 alt
                      8.3125000000e-01 mach

blocking fork: matlab -nojvm -nodisplay -nosplash < dakotaInterfaceTurbofanModel.m params.in results.out

Active response data for evaluation 68:
Active set vector = { 1 }
                      9.2243100000e-01 response_fn_1



---------------------
Begin Evaluation   69
---------------------
Parameters for evaluation 69:
                      2.5000000000e+04 alt
                      8.3125000000e-01 mach

blocking fork: matlab -nojvm -nodisplay -nosplash < dakotaInterfaceTurbofanModel.m params.in results.out

Active response data for evaluation 69:
Active set vector = { 1 }
                      9.1429200000e-01 response_fn_1



---------------------
Begin Evaluation   70
---------------------
Parameters for evaluation 70:
                      3.0000000000e+04 alt
                      8.3125000000e-01 mach

blocking fork: matlab -nojvm -nodisplay -nosplash < dakotaInterfaceTurbofanModel.m params.in results.out

Active response data for evaluation 70:
Active set vector = { 1 }
                      9.0753500000e-01 response_fn_1



---------------------
Begin Evaluation   71
---------------------
Parameters for evaluation 71:
                      3.5000000000e+04 alt
                      8.3125000000e-01 mach

blocking fork: matlab -nojvm -nodisplay -nosplash < dakotaInterfaceTurbofanModel.m params.in results.out

Active response data for evaluation 71:
Active set vector = { 1 }
                      9.0205400000e-01 response_fn_1



---------------------
Begin Evaluation   72
---------------------
Parameters for evaluation 72:
                      4.0000000000e+04 alt
                      8.3125000000e-01 mach

blocking fork: matlab -nojvm -nodisplay -nosplash < dakotaInterfaceTurbofanModel.m params.in results.out

Active response data for evaluation 72:
Active set vector = { 1 }
                      9.0162400000e-01 response_fn_1



---------------------
Begin Evaluation   73
---------------------
Parameters for evaluation 73:
                      0.0000000000e+00 alt
                      9.5000000000e-01 mach

blocking fork: matlab -nojvm -nodisplay -nosplash < dakotaInterfaceTurbofanModel.m params.in results.out

Active response data for evaluation 73:
Active set vector = { 1 }
                      1.0084930000e+00 response_fn_1



---------------------
Begin Evaluation   74
---------------------
Parameters for evaluation 74:
                      5.0000000000e+03 alt
                      9.5000000000e-01 mach

blocking fork: matlab -nojvm -nodisplay -nosplash < dakotaInterfaceTurbofanModel.m params.in results.out

Active response data for evaluation 74:
Active set vector = { 1 }
                      9.9235800000e-01 response_fn_1



---------------------
Begin Evaluation   75
---------------------
Parameters for evaluation 75:
                      1.0000000000e+04 alt
                      9.5000000000e-01 mach

blocking fork: matlab -nojvm -nodisplay -nosplash < dakotaInterfaceTurbofanModel.m params.in results.out

Active response data for evaluation 75:
Active set vector = { 1 }
                      9.7847700000e-01 response_fn_1



---------------------
Begin Evaluation   76
---------------------
Parameters for evaluation 76:
                      1.5000000000e+04 alt
                      9.5000000000e-01 mach

blocking fork: matlab -nojvm -nodisplay -nosplash < dakotaInterfaceTurbofanModel.m params.in results.out

Active response data for evaluation 76:
Active set vector = { 1 }
                      9.6647400000e-01 response_fn_1



---------------------
Begin Evaluation   77
---------------------
Parameters for evaluation 77:
                      2.0000000000e+04 alt
                      9.5000000000e-01 mach

blocking fork: matlab -nojvm -nodisplay -nosplash < dakotaInterfaceTurbofanModel.m params.in results.out

Active response data for evaluation 77:
Active set vector = { 1 }
                      9.5621200000e-01 response_fn_1



---------------------
Begin Evaluation   78
---------------------
Parameters for evaluation 78:
                      2.5000000000e+04 alt
                      9.5000000000e-01 mach

blocking fork: matlab -nojvm -nodisplay -nosplash < dakotaInterfaceTurbofanModel.m params.in results.out

Active response data for evaluation 78:
Active set vector = { 1 }
                      9.4739800000e-01 response_fn_1



---------------------
Begin Evaluation   79
---------------------
Parameters for evaluation 79:
                      3.0000000000e+04 alt
                      9.5000000000e-01 mach

blocking fork: matlab -nojvm -nodisplay -nosplash < dakotaInterfaceTurbofanModel.m params.in results.out

Active response data for evaluation 79:
Active set vector = { 1 }
                      9.3984700000e-01 response_fn_1



---------------------
Begin Evaluation   80
---------------------
Parameters for evaluation 80:
                      3.5000000000e+04 alt
                      9.5000000000e-01 mach

blocking fork: matlab -nojvm -nodisplay -nosplash < dakotaInterfaceTurbofanModel.m params.in results.out

Active response data for evaluation 80:
Active set vector = { 1 }
                      9.3340400000e-01 response_fn_1



---------------------
Begin Evaluation   81
---------------------
Parameters for evaluation 81:
                      4.0000000000e+04 alt
                      9.5000000000e-01 mach

blocking fork: matlab -nojvm -nodisplay -nosplash < dakotaInterfaceTurbofanModel.m params.in results.out

Active response data for evaluation 81:
Active set vector = { 1 }
                      9.3276300000e-01 response_fn_1


<<<<< Function evaluation summary: 81 total (81 new, 0 duplicate)

Simple Correlation Matrix among all inputs and outputs:
                      alt         mach response_fn_1 
         alt  1.00000e+00 
        mach  1.38778e-17  1.00000e+00 
response_fn_1 -1.91573e-01  9.78534e-01  1.00000e+00 

Partial Correlation Matrix between input and output:
             response_fn_1 
         alt -9.29571e-01 
        mach  9.97000e-01 

Simple Rank Correlation Matrix among all inputs and outputs:
                      alt         mach response_fn_1 
         alt  1.00000e+00 
        mach -8.08943e-02  1.00000e+00 
response_fn_1 -2.05443e-01  9.87737e-01  1.00000e+00 

Partial Rank Correlation Matrix between input and output:
             response_fn_1 
         alt -8.06740e-01 
        mach  9.95547e-01 


<<<<< Iterator multidim_parameter_study completed.
<<<<< Environment execution completed.
DAKOTA execution time in seconds:
  Total CPU        =       0.06 [parent =   0.068989, child =  -0.008989]
  Total wall clock =    268.684
Exit graphics window to terminate DAKOTA.
