
                            < M A T L A B (R) >
                  Copyright 1984-2012 The MathWorks, Inc.
                    R2012a (7.14.0.739) 64-bit (glnxa64)
                              February 9, 2012

 
To get started, type one of these: helpwin, helpdesk, or demo.
For product information, visit www.mathworks.com.
 
>> >> >> >> >> >> >> >> >> >> >> >> >> >> >> >> >> >> >> >> >> >> >> >> >> >> >> >> >> >> >> >> >> >> >> >> >> >> >> >> >> >> >> >> >> >> >> >> >> >> >> >> 1 Non-ideal nozzle heat transfer & friction calculations converged in 2 iterations
Error in nozzle inlet Mach: 0.067562
1 Non-ideal nozzle heat transfer & friction calculations converged in 2 iterations
Error in nozzle inlet Mach: -0.000002
1 Non-ideal nozzle heat transfer & friction calculations converged in 2 iterations
Error in nozzle inlet Mach: -0.000000
Nozzle inlet Mach number not converged.
>> >> >> >> >> >> >> >> >> 
                            < M A T L A B (R) >
                  Copyright 1984-2012 The MathWorks, Inc.
                    R2012a (7.14.0.739) 64-bit (glnxa64)
                              February 9, 2012

 
To get started, type one of these: helpwin, helpdesk, or demo.
For product information, visit www.mathworks.com.
 
>> >> >> >> >> >> >> >> >> >> >> >> >> >> >> >> >> >> >> >> >> >> >> >> >> >> >> >> >> >> >> >> >> >> >> >> >> >> >> >> >> >> >> >> >> >> >> >> >> >> >> >> 1 2 3 Non-ideal nozzle heat transfer & friction calculations converged in 4 iterations
Error in nozzle inlet Mach: 0.092313
1 2 3 Non-ideal nozzle heat transfer & friction calculations converged in 4 iterations
Error in nozzle inlet Mach: -0.000001
>> >> >> >> >> >> >> >> >> 
                            < M A T L A B (R) >
                  Copyright 1984-2012 The MathWorks, Inc.
                    R2012a (7.14.0.739) 64-bit (glnxa64)
                              February 9, 2012

 
To get started, type one of these: helpwin, helpdesk, or demo.
For product information, visit www.mathworks.com.
 
>> >> >> >> >> >> >> >> >> >> >> >> >> >> >> >> >> >> >> >> >> >> >> >> >> >> >> >> >> >> >> >> >> >> >> >> >> >> >> >> >> >> >> >> >> >> >> >> >> >> >> >> 1 2 3 Non-ideal nozzle heat transfer & friction calculations converged in 4 iterations
Error in nozzle inlet Mach: 0.114080
1 2 3 Non-ideal nozzle heat transfer & friction calculations converged in 4 iterations
Error in nozzle inlet Mach: -0.000001
>> >> >> >> >> >> >> >> >> 
                            < M A T L A B (R) >
                  Copyright 1984-2012 The MathWorks, Inc.
                    R2012a (7.14.0.739) 64-bit (glnxa64)
                              February 9, 2012

 
To get started, type one of these: helpwin, helpdesk, or demo.
For product information, visit www.mathworks.com.
 
>> >> >> >> >> >> >> >> >> >> >> >> >> >> >> >> >> >> >> >> >> >> >> >> >> >> >> >> >> >> >> >> >> >> >> >> >> >> >> >> >> >> >> >> >> >> >> >> >> >> >> >> 1 2 3 Non-ideal nozzle heat transfer & friction calculations converged in 4 iterations
Error in nozzle inlet Mach: 0.133511
1 2 3 Non-ideal nozzle heat transfer & friction calculations converged in 4 iterations
Error in nozzle inlet Mach: -0.000001
Supersonic flow in bypass fan duct: 1.265705 Mach
>> >> >> >> >> >> >> >> >> 
                            < M A T L A B (R) >
                  Copyright 1984-2012 The MathWorks, Inc.
                    R2012a (7.14.0.739) 64-bit (glnxa64)
                              February 9, 2012

 
To get started, type one of these: helpwin, helpdesk, or demo.
For product information, visit www.mathworks.com.
 
>> >> >> >> >> >> >> >> >> >> >> >> >> >> >> >> >> >> >> >> >> >> >> >> >> >> >> >> >> >> >> >> >> >> >> >> >> >> >> >> >> >> >> >> >> >> >> >> >> >> >> >> 1 2 3 Non-ideal nozzle heat transfer & friction calculations converged in 4 iterations
Error in nozzle inlet Mach: 0.150981
1 2 3 Non-ideal nozzle heat transfer & friction calculations converged in 4 iterations
Error in nozzle inlet Mach: -0.000000
Supersonic flow in bypass fan duct: 1.275043 Mach
>> >> >> >> >> >> >> >> >> 
                            < M A T L A B (R) >
                  Copyright 1984-2012 The MathWorks, Inc.
                    R2012a (7.14.0.739) 64-bit (glnxa64)
                              February 9, 2012

 
To get started, type one of these: helpwin, helpdesk, or demo.
For product information, visit www.mathworks.com.
 
>> >> >> >> >> >> >> >> >> >> >> >> >> >> >> >> >> >> >> >> >> >> >> >> >> >> >> >> >> >> >> >> >> >> >> >> >> >> >> >> >> >> >> >> >> >> >> >> >> >> >> >> 1 2 3 Non-ideal nozzle heat transfer & friction calculations converged in 4 iterations
Error in nozzle inlet Mach: 0.166778
1 2 3 Non-ideal nozzle heat transfer & friction calculations converged in 4 iterations
Error in nozzle inlet Mach: 0.000000
Supersonic flow in bypass fan duct: 1.291853 Mach
>> >> >> >> >> >> >> >> >> 
                            < M A T L A B (R) >
                  Copyright 1984-2012 The MathWorks, Inc.
                    R2012a (7.14.0.739) 64-bit (glnxa64)
                              February 9, 2012

 
To get started, type one of these: helpwin, helpdesk, or demo.
For product information, visit www.mathworks.com.
 
>> >> >> >> >> >> >> >> >> >> >> >> >> >> >> >> >> >> >> >> >> >> >> >> >> >> >> >> >> >> >> >> >> >> >> >> >> >> >> >> >> >> >> >> >> >> >> >> >> >> >> >> 1 2 3 Non-ideal nozzle heat transfer & friction calculations converged in 4 iterations
Error in nozzle inlet Mach: 0.181128
1 2 3 Non-ideal nozzle heat transfer & friction calculations converged in 4 iterations
Error in nozzle inlet Mach: 0.000000
Supersonic flow in bypass fan duct: 1.307102 Mach
>> >> >> >> >> >> >> >> >> 
                            < M A T L A B (R) >
                  Copyright 1984-2012 The MathWorks, Inc.
                    R2012a (7.14.0.739) 64-bit (glnxa64)
                              February 9, 2012

 
To get started, type one of these: helpwin, helpdesk, or demo.
For product information, visit www.mathworks.com.
 
>> >> >> >> >> >> >> >> >> >> >> >> >> >> >> >> >> >> >> >> >> >> >> >> >> >> >> >> >> >> >> >> >> >> >> >> >> >> >> >> >> >> >> >> >> >> >> >> >> >> >> >> 1 2 3 Non-ideal nozzle heat transfer & friction calculations converged in 4 iterations
Error in nozzle inlet Mach: 0.194213
1 2 3 Non-ideal nozzle heat transfer & friction calculations converged in 4 iterations
Error in nozzle inlet Mach: -0.000000
Supersonic flow in bypass fan duct: 1.320525 Mach
>> >> >> >> >> >> >> >> >> 
                            < M A T L A B (R) >
                  Copyright 1984-2012 The MathWorks, Inc.
                    R2012a (7.14.0.739) 64-bit (glnxa64)
                              February 9, 2012

 
To get started, type one of these: helpwin, helpdesk, or demo.
For product information, visit www.mathworks.com.
 
>> >> >> >> >> >> >> >> >> >> >> >> >> >> >> >> >> >> >> >> >> >> >> >> >> >> >> >> >> >> >> >> >> >> >> >> >> >> >> >> >> >> >> >> >> >> >> >> >> >> >> >> 1 2 3 Non-ideal nozzle heat transfer & friction calculations converged in 4 iterations
Error in nozzle inlet Mach: 0.196918
1 2 3 Non-ideal nozzle heat transfer & friction calculations converged in 4 iterations
Error in nozzle inlet Mach: -0.000000
Supersonic flow in bypass fan duct: 1.323183 Mach
>> >> >> >> >> >> >> >> >> 
                            < M A T L A B (R) >
                  Copyright 1984-2012 The MathWorks, Inc.
                    R2012a (7.14.0.739) 64-bit (glnxa64)
                              February 9, 2012

 
To get started, type one of these: helpwin, helpdesk, or demo.
For product information, visit www.mathworks.com.
 
>> >> >> >> >> >> >> >> >> >> >> >> >> >> >> >> >> >> >> >> >> >> >> >> >> >> >> >> >> >> >> >> >> >> >> >> >> >> >> >> >> >> >> >> >> >> >> >> >> >> >> >> 1 Non-ideal nozzle heat transfer & friction calculations converged in 2 iterations
Error in nozzle inlet Mach: 0.065497
1 Non-ideal nozzle heat transfer & friction calculations converged in 2 iterations
Error in nozzle inlet Mach: -0.000002
1 Non-ideal nozzle heat transfer & friction calculations converged in 2 iterations
Error in nozzle inlet Mach: -0.000000
Nozzle inlet Mach number not converged.
>> >> >> >> >> >> >> >> >> 
                            < M A T L A B (R) >
                  Copyright 1984-2012 The MathWorks, Inc.
                    R2012a (7.14.0.739) 64-bit (glnxa64)
                              February 9, 2012

 
To get started, type one of these: helpwin, helpdesk, or demo.
For product information, visit www.mathworks.com.
 
>> >> >> >> >> >> >> >> >> >> >> >> >> >> >> >> >> >> >> >> >> >> >> >> >> >> >> >> >> >> >> >> >> >> >> >> >> >> >> >> >> >> >> >> >> >> >> >> >> >> >> >> 1 2 3 Non-ideal nozzle heat transfer & friction calculations converged in 4 iterations
Error in nozzle inlet Mach: 0.090366
1 2 3 Non-ideal nozzle heat transfer & friction calculations converged in 4 iterations
Error in nozzle inlet Mach: -0.000001
>> >> >> >> >> >> >> >> >> 
                            < M A T L A B (R) >
                  Copyright 1984-2012 The MathWorks, Inc.
                    R2012a (7.14.0.739) 64-bit (glnxa64)
                              February 9, 2012

 
To get started, type one of these: helpwin, helpdesk, or demo.
For product information, visit www.mathworks.com.
 
>> >> >> >> >> >> >> >> >> >> >> >> >> >> >> >> >> >> >> >> >> >> >> >> >> >> >> >> >> >> >> >> >> >> >> >> >> >> >> >> >> >> >> >> >> >> >> >> >> >> >> >> 1 2 3 Non-ideal nozzle heat transfer & friction calculations converged in 4 iterations
Error in nozzle inlet Mach: 0.112232
1 2 3 Non-ideal nozzle heat transfer & friction calculations converged in 4 iterations
Error in nozzle inlet Mach: -0.000001
>> >> >> >> >> >> >> >> >> 
                            < M A T L A B (R) >
                  Copyright 1984-2012 The MathWorks, Inc.
                    R2012a (7.14.0.739) 64-bit (glnxa64)
                              February 9, 2012

 
To get started, type one of these: helpwin, helpdesk, or demo.
For product information, visit www.mathworks.com.
 
>> >> >> >> >> >> >> >> >> >> >> >> >> >> >> >> >> >> >> >> >> >> >> >> >> >> >> >> >> >> >> >> >> >> >> >> >> >> >> >> >> >> >> >> >> >> >> >> >> >> >> >> 1 2 3 Non-ideal nozzle heat transfer & friction calculations converged in 4 iterations
Error in nozzle inlet Mach: 0.131747
1 2 3 Non-ideal nozzle heat transfer & friction calculations converged in 4 iterations
Error in nozzle inlet Mach: -0.000001
Supersonic flow in bypass fan duct: 1.266723 Mach
>> >> >> >> >> >> >> >> >> 
                            < M A T L A B (R) >
                  Copyright 1984-2012 The MathWorks, Inc.
                    R2012a (7.14.0.739) 64-bit (glnxa64)
                              February 9, 2012

 
To get started, type one of these: helpwin, helpdesk, or demo.
For product information, visit www.mathworks.com.
 
>> >> >> >> >> >> >> >> >> >> >> >> >> >> >> >> >> >> >> >> >> >> >> >> >> >> >> >> >> >> >> >> >> >> >> >> >> >> >> >> >> >> >> >> >> >> >> >> >> >> >> >> 1 2 3 Non-ideal nozzle heat transfer & friction calculations converged in 4 iterations
Error in nozzle inlet Mach: 0.149290
1 2 3 Non-ideal nozzle heat transfer & friction calculations converged in 4 iterations
Error in nozzle inlet Mach: -0.000000
Supersonic flow in bypass fan duct: 1.272298 Mach
>> >> >> >> >> >> >> >> >> 
                            < M A T L A B (R) >
                  Copyright 1984-2012 The MathWorks, Inc.
                    R2012a (7.14.0.739) 64-bit (glnxa64)
                              February 9, 2012

 
To get started, type one of these: helpwin, helpdesk, or demo.
For product information, visit www.mathworks.com.
 
>> >> >> >> >> >> >> >> >> >> >> >> >> >> >> >> >> >> >> >> >> >> >> >> >> >> >> >> >> >> >> >> >> >> >> >> >> >> >> >> >> >> >> >> >> >> >> >> >> >> >> >> 1 2 3 Non-ideal nozzle heat transfer & friction calculations converged in 4 iterations
Error in nozzle inlet Mach: 0.165150
1 2 3 Non-ideal nozzle heat transfer & friction calculations converged in 4 iterations
Error in nozzle inlet Mach: 0.000000
Supersonic flow in bypass fan duct: 1.288956 Mach
>> >> >> >> >> >> >> >> >> 
                            < M A T L A B (R) >
                  Copyright 1984-2012 The MathWorks, Inc.
                    R2012a (7.14.0.739) 64-bit (glnxa64)
                              February 9, 2012

 
To get started, type one of these: helpwin, helpdesk, or demo.
For product information, visit www.mathworks.com.
 
>> >> >> >> >> >> >> >> >> >> >> >> >> >> >> >> >> >> >> >> >> >> >> >> >> >> >> >> >> >> >> >> >> >> >> >> >> >> >> >> >> >> >> >> >> >> >> >> >> >> >> >> 1 2 3 Non-ideal nozzle heat transfer & friction calculations converged in 4 iterations
Error in nozzle inlet Mach: 0.179556
1 2 3 Non-ideal nozzle heat transfer & friction calculations converged in 4 iterations
Error in nozzle inlet Mach: 0.000000
Supersonic flow in bypass fan duct: 1.304079 Mach
>> >> >> >> >> >> >> >> >> 
                            < M A T L A B (R) >
                  Copyright 1984-2012 The MathWorks, Inc.
                    R2012a (7.14.0.739) 64-bit (glnxa64)
                              February 9, 2012

 
To get started, type one of these: helpwin, helpdesk, or demo.
For product information, visit www.mathworks.com.
 
>> >> >> >> >> >> >> >> >> >> >> >> >> >> >> >> >> >> >> >> >> >> >> >> >> >> >> >> >> >> >> >> >> >> >> >> >> >> >> >> >> >> >> >> >> >> >> >> >> >> >> >> 1 2 3 Non-ideal nozzle heat transfer & friction calculations converged in 4 iterations
Error in nozzle inlet Mach: 0.192691
1 2 3 Non-ideal nozzle heat transfer & friction calculations converged in 4 iterations
Error in nozzle inlet Mach: -0.000000
Supersonic flow in bypass fan duct: 1.317410 Mach
>> >> >> >> >> >> >> >> >> 
                            < M A T L A B (R) >
                  Copyright 1984-2012 The MathWorks, Inc.
                    R2012a (7.14.0.739) 64-bit (glnxa64)
                              February 9, 2012

 
To get started, type one of these: helpwin, helpdesk, or demo.
For product information, visit www.mathworks.com.
 
>> >> >> >> >> >> >> >> >> >> >> >> >> >> >> >> >> >> >> >> >> >> >> >> >> >> >> >> >> >> >> >> >> >> >> >> >> >> >> >> >> >> >> >> >> >> >> >> >> >> >> >> 1 2 3 Non-ideal nozzle heat transfer & friction calculations converged in 4 iterations
Error in nozzle inlet Mach: 0.195406
1 2 3 Non-ideal nozzle heat transfer & friction calculations converged in 4 iterations
Error in nozzle inlet Mach: -0.000000
Supersonic flow in bypass fan duct: 1.320054 Mach
>> >> >> >> >> >> >> >> >> 
                            < M A T L A B (R) >
                  Copyright 1984-2012 The MathWorks, Inc.
                    R2012a (7.14.0.739) 64-bit (glnxa64)
                              February 9, 2012

 
To get started, type one of these: helpwin, helpdesk, or demo.
For product information, visit www.mathworks.com.
 
>> >> >> >> >> >> >> >> >> >> >> >> >> >> >> >> >> >> >> >> >> >> >> >> >> >> >> >> >> >> >> >> >> >> >> >> >> >> >> >> >> >> >> >> >> >> >> >> >> >> >> >> 1 Non-ideal nozzle heat transfer & friction calculations converged in 2 iterations
Error in nozzle inlet Mach: 0.059235
1 Non-ideal nozzle heat transfer & friction calculations converged in 2 iterations
Error in nozzle inlet Mach: -0.000002
1 Non-ideal nozzle heat transfer & friction calculations converged in 2 iterations
Error in nozzle inlet Mach: -0.000000
Nozzle inlet Mach number not converged.
>> >> >> >> >> >> >> >> >> 
                            < M A T L A B (R) >
                  Copyright 1984-2012 The MathWorks, Inc.
                    R2012a (7.14.0.739) 64-bit (glnxa64)
                              February 9, 2012

 
To get started, type one of these: helpwin, helpdesk, or demo.
For product information, visit www.mathworks.com.
 
>> >> >> >> >> >> >> >> >> >> >> >> >> >> >> >> >> >> >> >> >> >> >> >> >> >> >> >> >> >> >> >> >> >> >> >> >> >> >> >> >> >> >> >> >> >> >> >> >> >> >> >> 1 2 3 Non-ideal nozzle heat transfer & friction calculations converged in 4 iterations
Error in nozzle inlet Mach: 0.084468
1 2 3 Non-ideal nozzle heat transfer & friction calculations converged in 4 iterations
Error in nozzle inlet Mach: -0.000000
>> >> >> >> >> >> >> >> >> 
                            < M A T L A B (R) >
                  Copyright 1984-2012 The MathWorks, Inc.
                    R2012a (7.14.0.739) 64-bit (glnxa64)
                              February 9, 2012

 
To get started, type one of these: helpwin, helpdesk, or demo.
For product information, visit www.mathworks.com.
 
>> >> >> >> >> >> >> >> >> >> >> >> >> >> >> >> >> >> >> >> >> >> >> >> >> >> >> >> >> >> >> >> >> >> >> >> >> >> >> >> >> >> >> >> >> >> >> >> >> >> >> >> 1 2 3 Non-ideal nozzle heat transfer & friction calculations converged in 4 iterations
Error in nozzle inlet Mach: 0.106637
1 2 3 Non-ideal nozzle heat transfer & friction calculations converged in 4 iterations
Error in nozzle inlet Mach: -0.000001
>> >> >> >> >> >> >> >> >> 
                            < M A T L A B (R) >
                  Copyright 1984-2012 The MathWorks, Inc.
                    R2012a (7.14.0.739) 64-bit (glnxa64)
                              February 9, 2012

 
To get started, type one of these: helpwin, helpdesk, or demo.
For product information, visit www.mathworks.com.
 
>> >> >> >> >> >> >> >> >> >> >> >> >> >> >> >> >> >> >> >> >> >> >> >> >> >> >> >> >> >> >> >> >> >> >> >> >> >> >> >> >> >> >> >> >> >> >> >> >> >> >> >> 1 2 3 Non-ideal nozzle heat transfer & friction calculations converged in 4 iterations
Error in nozzle inlet Mach: 0.126408
1 2 3 Non-ideal nozzle heat transfer & friction calculations converged in 4 iterations
Error in nozzle inlet Mach: -0.000001
Supersonic flow in bypass fan duct: 1.160197 Mach
>> >> >> >> >> >> >> >> >> 
                            < M A T L A B (R) >
                  Copyright 1984-2012 The MathWorks, Inc.
                    R2012a (7.14.0.739) 64-bit (glnxa64)
                              February 9, 2012

 
To get started, type one of these: helpwin, helpdesk, or demo.
For product information, visit www.mathworks.com.
 
>> >> >> >> >> >> >> >> >> >> >> >> >> >> >> >> >> >> >> >> >> >> >> >> >> >> >> >> >> >> >> >> >> >> >> >> >> >> >> >> >> >> >> >> >> >> >> >> >> >> >> >> 1 2 3 Non-ideal nozzle heat transfer & friction calculations converged in 4 iterations
Error in nozzle inlet Mach: 0.144172
1 2 3 Non-ideal nozzle heat transfer & friction calculations converged in 4 iterations
Error in nozzle inlet Mach: -0.000000
Supersonic flow in bypass fan duct: 1.264227 Mach
>> >> >> >> >> >> >> >> >> 
                            < M A T L A B (R) >
                  Copyright 1984-2012 The MathWorks, Inc.
                    R2012a (7.14.0.739) 64-bit (glnxa64)
                              February 9, 2012

 
To get started, type one of these: helpwin, helpdesk, or demo.
For product information, visit www.mathworks.com.
 
>> >> >> >> >> >> >> >> >> >> >> >> >> >> >> >> >> >> >> >> >> >> >> >> >> >> >> >> >> >> >> >> >> >> >> >> >> >> >> >> >> >> >> >> >> >> >> >> >> >> >> >> 1 2 3 Non-ideal nozzle heat transfer & friction calculations converged in 4 iterations
Error in nozzle inlet Mach: 0.160225
1 2 3 Non-ideal nozzle heat transfer & friction calculations converged in 4 iterations
Error in nozzle inlet Mach: 0.000000
Supersonic flow in bypass fan duct: 1.280429 Mach
>> >> >> >> >> >> >> >> >> 
                            < M A T L A B (R) >
                  Copyright 1984-2012 The MathWorks, Inc.
                    R2012a (7.14.0.739) 64-bit (glnxa64)
                              February 9, 2012

 
To get started, type one of these: helpwin, helpdesk, or demo.
For product information, visit www.mathworks.com.
 
>> >> >> >> >> >> >> >> >> >> >> >> >> >> >> >> >> >> >> >> >> >> >> >> >> >> >> >> >> >> >> >> >> >> >> >> >> >> >> >> >> >> >> >> >> >> >> >> >> >> >> >> 1 2 3 Non-ideal nozzle heat transfer & friction calculations converged in 4 iterations
Error in nozzle inlet Mach: 0.174800
1 2 3 Non-ideal nozzle heat transfer & friction calculations converged in 4 iterations
Error in nozzle inlet Mach: 0.000000
Supersonic flow in bypass fan duct: 1.295165 Mach
>> >> >> >> >> >> >> >> >> 
                            < M A T L A B (R) >
                  Copyright 1984-2012 The MathWorks, Inc.
                    R2012a (7.14.0.739) 64-bit (glnxa64)
                              February 9, 2012

 
To get started, type one of these: helpwin, helpdesk, or demo.
For product information, visit www.mathworks.com.
 
>> >> >> >> >> >> >> >> >> >> >> >> >> >> >> >> >> >> >> >> >> >> >> >> >> >> >> >> >> >> >> >> >> >> >> >> >> >> >> >> >> >> >> >> >> >> >> >> >> >> >> >> 1 2 3 Non-ideal nozzle heat transfer & friction calculations converged in 4 iterations
Error in nozzle inlet Mach: 0.188085
1 2 3 Non-ideal nozzle heat transfer & friction calculations converged in 4 iterations
Error in nozzle inlet Mach: -0.000000
Supersonic flow in bypass fan duct: 1.308195 Mach
>> >> >> >> >> >> >> >> >> 
                            < M A T L A B (R) >
                  Copyright 1984-2012 The MathWorks, Inc.
                    R2012a (7.14.0.739) 64-bit (glnxa64)
                              February 9, 2012

 
To get started, type one of these: helpwin, helpdesk, or demo.
For product information, visit www.mathworks.com.
 
>> >> >> >> >> >> >> >> >> >> >> >> >> >> >> >> >> >> >> >> >> >> >> >> >> >> >> >> >> >> >> >> >> >> >> >> >> >> >> >> >> >> >> >> >> >> >> >> >> >> >> >> 1 2 3 Non-ideal nozzle heat transfer & friction calculations converged in 4 iterations
Error in nozzle inlet Mach: 0.190832
1 2 3 Non-ideal nozzle heat transfer & friction calculations converged in 4 iterations
Error in nozzle inlet Mach: -0.000000
Supersonic flow in bypass fan duct: 1.310785 Mach
>> >> >> >> >> >> >> >> >> 
                            < M A T L A B (R) >
                  Copyright 1984-2012 The MathWorks, Inc.
                    R2012a (7.14.0.739) 64-bit (glnxa64)
                              February 9, 2012

 
To get started, type one of these: helpwin, helpdesk, or demo.
For product information, visit www.mathworks.com.
 
>> >> >> >> >> >> >> >> >> >> >> >> >> >> >> >> >> >> >> >> >> >> >> >> >> >> >> >> >> >> >> >> >> >> >> >> >> >> >> >> >> >> >> >> >> >> >> >> >> >> >> >> 1 Non-ideal nozzle heat transfer & friction calculations converged in 2 iterations
Error in nozzle inlet Mach: 0.048573
1 Non-ideal nozzle heat transfer & friction calculations converged in 2 iterations
Error in nozzle inlet Mach: -0.000001
1 Non-ideal nozzle heat transfer & friction calculations converged in 2 iterations
Error in nozzle inlet Mach: -0.000000
Nozzle inlet Mach number not converged.
>> >> >> >> >> >> >> >> >> 
                            < M A T L A B (R) >
                  Copyright 1984-2012 The MathWorks, Inc.
                    R2012a (7.14.0.739) 64-bit (glnxa64)
                              February 9, 2012

 
To get started, type one of these: helpwin, helpdesk, or demo.
For product information, visit www.mathworks.com.
 
>> >> >> >> >> >> >> >> >> >> >> >> >> >> >> >> >> >> >> >> >> >> >> >> >> >> >> >> >> >> >> >> >> >> >> >> >> >> >> >> >> >> >> >> >> >> >> >> >> >> >> >> 1 Non-ideal nozzle heat transfer & friction calculations converged in 2 iterations
Error in nozzle inlet Mach: 0.074267
1 2 3 Non-ideal nozzle heat transfer & friction calculations converged in 4 iterations
Error in nozzle inlet Mach: 0.000174
1 2 3 Non-ideal nozzle heat transfer & friction calculations converged in 4 iterations
Error in nozzle inlet Mach: -0.000000
Nozzle inlet Mach number not converged.
>> >> >> >> >> >> >> >> >> 
                            < M A T L A B (R) >
                  Copyright 1984-2012 The MathWorks, Inc.
                    R2012a (7.14.0.739) 64-bit (glnxa64)
                              February 9, 2012

 
To get started, type one of these: helpwin, helpdesk, or demo.
For product information, visit www.mathworks.com.
 
>> >> >> >> >> >> >> >> >> >> >> >> >> >> >> >> >> >> >> >> >> >> >> >> >> >> >> >> >> >> >> >> >> >> >> >> >> >> >> >> >> >> >> >> >> >> >> >> >> >> >> >> 1 2 3 Non-ideal nozzle heat transfer & friction calculations converged in 4 iterations
Error in nozzle inlet Mach: 0.097133
1 2 3 Non-ideal nozzle heat transfer & friction calculations converged in 4 iterations
Error in nozzle inlet Mach: -0.000000
>> >> >> >> >> >> >> >> >> 
                            < M A T L A B (R) >
                  Copyright 1984-2012 The MathWorks, Inc.
                    R2012a (7.14.0.739) 64-bit (glnxa64)
                              February 9, 2012

 
To get started, type one of these: helpwin, helpdesk, or demo.
For product information, visit www.mathworks.com.
 
>> >> >> >> >> >> >> >> >> >> >> >> >> >> >> >> >> >> >> >> >> >> >> >> >> >> >> >> >> >> >> >> >> >> >> >> >> >> >> >> >> >> >> >> >> >> >> >> >> >> >> >> 1 2 3 Non-ideal nozzle heat transfer & friction calculations converged in 4 iterations
Error in nozzle inlet Mach: 0.117346
1 2 3 Non-ideal nozzle heat transfer & friction calculations converged in 4 iterations
Error in nozzle inlet Mach: -0.000000
Supersonic flow in bypass fan duct: 1.000070 Mach
>> >> >> >> >> >> >> >> >> 
                            < M A T L A B (R) >
                  Copyright 1984-2012 The MathWorks, Inc.
                    R2012a (7.14.0.739) 64-bit (glnxa64)
                              February 9, 2012

 
To get started, type one of these: helpwin, helpdesk, or demo.
For product information, visit www.mathworks.com.
 
>> >> >> >> >> >> >> >> >> >> >> >> >> >> >> >> >> >> >> >> >> >> >> >> >> >> >> >> >> >> >> >> >> >> >> >> >> >> >> >> >> >> >> >> >> >> >> >> >> >> >> >> 1 2 3 Non-ideal nozzle heat transfer & friction calculations converged in 4 iterations
Error in nozzle inlet Mach: 0.135488
1 2 3 Non-ideal nozzle heat transfer & friction calculations converged in 4 iterations
Error in nozzle inlet Mach: -0.000000
Supersonic flow in bypass fan duct: 1.251316 Mach
>> >> >> >> >> >> >> >> >> 
                            < M A T L A B (R) >
                  Copyright 1984-2012 The MathWorks, Inc.
                    R2012a (7.14.0.739) 64-bit (glnxa64)
                              February 9, 2012

 
To get started, type one of these: helpwin, helpdesk, or demo.
For product information, visit www.mathworks.com.
 
>> >> >> >> >> >> >> >> >> >> >> >> >> >> >> >> >> >> >> >> >> >> >> >> >> >> >> >> >> >> >> >> >> >> >> >> >> >> >> >> >> >> >> >> >> >> >> >> >> >> >> >> 1 2 3 Non-ideal nozzle heat transfer & friction calculations converged in 4 iterations
Error in nozzle inlet Mach: 0.151870
1 2 3 Non-ideal nozzle heat transfer & friction calculations converged in 4 iterations
Error in nozzle inlet Mach: 0.000000
Supersonic flow in bypass fan duct: 1.266769 Mach
>> >> >> >> >> >> >> >> >> 
                            < M A T L A B (R) >
                  Copyright 1984-2012 The MathWorks, Inc.
                    R2012a (7.14.0.739) 64-bit (glnxa64)
                              February 9, 2012

 
To get started, type one of these: helpwin, helpdesk, or demo.
For product information, visit www.mathworks.com.
 
>> >> >> >> >> >> >> >> >> >> >> >> >> >> >> >> >> >> >> >> >> >> >> >> >> >> >> >> >> >> >> >> >> >> >> >> >> >> >> >> >> >> >> >> >> >> >> >> >> >> >> >> 1 2 3 Non-ideal nozzle heat transfer & friction calculations converged in 4 iterations
Error in nozzle inlet Mach: 0.166735
1 2 3 Non-ideal nozzle heat transfer & friction calculations converged in 4 iterations
Error in nozzle inlet Mach: 0.000000
Supersonic flow in bypass fan duct: 1.280850 Mach
>> >> >> >> >> >> >> >> >> 
                            < M A T L A B (R) >
                  Copyright 1984-2012 The MathWorks, Inc.
                    R2012a (7.14.0.739) 64-bit (glnxa64)
                              February 9, 2012

 
To get started, type one of these: helpwin, helpdesk, or demo.
For product information, visit www.mathworks.com.
 
>> >> >> >> >> >> >> >> >> >> >> >> >> >> >> >> >> >> >> >> >> >> >> >> >> >> >> >> >> >> >> >> >> >> >> >> >> >> >> >> >> >> >> >> >> >> >> >> >> >> >> >> 1 2 3 Non-ideal nozzle heat transfer & friction calculations converged in 4 iterations
Error in nozzle inlet Mach: 0.180275
1 2 3 Non-ideal nozzle heat transfer & friction calculations converged in 4 iterations
Error in nozzle inlet Mach: 0.000000
Supersonic flow in bypass fan duct: 1.293336 Mach
>> >> >> >> >> >> >> >> >> 
                            < M A T L A B (R) >
                  Copyright 1984-2012 The MathWorks, Inc.
                    R2012a (7.14.0.739) 64-bit (glnxa64)
                              February 9, 2012

 
To get started, type one of these: helpwin, helpdesk, or demo.
For product information, visit www.mathworks.com.
 
>> >> >> >> >> >> >> >> >> >> >> >> >> >> >> >> >> >> >> >> >> >> >> >> >> >> >> >> >> >> >> >> >> >> >> >> >> >> >> >> >> >> >> >> >> >> >> >> >> >> >> >> 1 2 3 Non-ideal nozzle heat transfer & friction calculations converged in 4 iterations
Error in nozzle inlet Mach: 0.183073
1 2 3 Non-ideal nozzle heat transfer & friction calculations converged in 4 iterations
Error in nozzle inlet Mach: 0.000000
Supersonic flow in bypass fan duct: 1.295823 Mach
>> >> >> >> >> >> >> >> >> 
                            < M A T L A B (R) >
                  Copyright 1984-2012 The MathWorks, Inc.
                    R2012a (7.14.0.739) 64-bit (glnxa64)
                              February 9, 2012

 
To get started, type one of these: helpwin, helpdesk, or demo.
For product information, visit www.mathworks.com.
 
>> >> >> >> >> >> >> >> >> >> >> >> >> >> >> >> >> >> >> >> >> >> >> >> >> >> >> >> >> >> >> >> >> >> >> >> >> >> >> >> >> >> >> >> >> >> >> >> >> >> >> >> 1 Non-ideal nozzle heat transfer & friction calculations converged in 2 iterations
Error in nozzle inlet Mach: 0.033138
1 Non-ideal nozzle heat transfer & friction calculations converged in 2 iterations
Error in nozzle inlet Mach: -0.000001
>> >> >> >> >> >> >> >> >> 
                            < M A T L A B (R) >
                  Copyright 1984-2012 The MathWorks, Inc.
                    R2012a (7.14.0.739) 64-bit (glnxa64)
                              February 9, 2012

 
To get started, type one of these: helpwin, helpdesk, or demo.
For product information, visit www.mathworks.com.
 
>> >> >> >> >> >> >> >> >> >> >> >> >> >> >> >> >> >> >> >> >> >> >> >> >> >> >> >> >> >> >> >> >> >> >> >> >> >> >> >> >> >> >> >> >> >> >> >> >> >> >> >> 1 Non-ideal nozzle heat transfer & friction calculations converged in 2 iterations
Error in nozzle inlet Mach: 0.059794
1 Non-ideal nozzle heat transfer & friction calculations converged in 2 iterations
Error in nozzle inlet Mach: -0.000002
1 Non-ideal nozzle heat transfer & friction calculations converged in 2 iterations
Error in nozzle inlet Mach: -0.000000
Nozzle inlet Mach number not converged.
>> >> >> >> >> >> >> >> >> 
                            < M A T L A B (R) >
                  Copyright 1984-2012 The MathWorks, Inc.
                    R2012a (7.14.0.739) 64-bit (glnxa64)
                              February 9, 2012

 
To get started, type one of these: helpwin, helpdesk, or demo.
For product information, visit www.mathworks.com.
 
>> >> >> >> >> >> >> >> >> >> >> >> >> >> >> >> >> >> >> >> >> >> >> >> >> >> >> >> >> >> >> >> >> >> >> >> >> >> >> >> >> >> >> >> >> >> >> >> >> >> >> >> 1 2 3 Non-ideal nozzle heat transfer & friction calculations converged in 4 iterations
Error in nozzle inlet Mach: 0.083435
1 2 3 Non-ideal nozzle heat transfer & friction calculations converged in 4 iterations
Error in nozzle inlet Mach: -0.000000
>> >> >> >> >> >> >> >> >> 
                            < M A T L A B (R) >
                  Copyright 1984-2012 The MathWorks, Inc.
                    R2012a (7.14.0.739) 64-bit (glnxa64)
                              February 9, 2012

 
To get started, type one of these: helpwin, helpdesk, or demo.
For product information, visit www.mathworks.com.
 
>> >> >> >> >> >> >> >> >> >> >> >> >> >> >> >> >> >> >> >> >> >> >> >> >> >> >> >> >> >> >> >> >> >> >> >> >> >> >> >> >> >> >> >> >> >> >> >> >> >> >> >> 1 2 3 Non-ideal nozzle heat transfer & friction calculations converged in 4 iterations
Error in nozzle inlet Mach: 0.104299
1 2 3 Non-ideal nozzle heat transfer & friction calculations converged in 4 iterations
Error in nozzle inlet Mach: -0.000000
>> >> >> >> >> >> >> >> >> 
                            < M A T L A B (R) >
                  Copyright 1984-2012 The MathWorks, Inc.
                    R2012a (7.14.0.739) 64-bit (glnxa64)
                              February 9, 2012

 
To get started, type one of these: helpwin, helpdesk, or demo.
For product information, visit www.mathworks.com.
 
>> >> >> >> >> >> >> >> >> >> >> >> >> >> >> >> >> >> >> >> >> >> >> >> >> >> >> >> >> >> >> >> >> >> >> >> >> >> >> >> >> >> >> >> >> >> >> >> >> >> >> >> 1 2 3 Non-ideal nozzle heat transfer & friction calculations converged in 4 iterations
Error in nozzle inlet Mach: 0.122996
1 2 3 Non-ideal nozzle heat transfer & friction calculations converged in 4 iterations
Error in nozzle inlet Mach: -0.000000
Supersonic flow in bypass fan duct: 1.086177 Mach
>> >> >> >> >> >> >> >> >> 
                            < M A T L A B (R) >
                  Copyright 1984-2012 The MathWorks, Inc.
                    R2012a (7.14.0.739) 64-bit (glnxa64)
                              February 9, 2012

 
To get started, type one of these: helpwin, helpdesk, or demo.
For product information, visit www.mathworks.com.
 
>> >> >> >> >> >> >> >> >> >> >> >> >> >> >> >> >> >> >> >> >> >> >> >> >> >> >> >> >> >> >> >> >> >> >> >> >> >> >> >> >> >> >> >> >> >> >> >> >> >> >> >> 1 2 3 Non-ideal nozzle heat transfer & friction calculations converged in 4 iterations
Error in nozzle inlet Mach: 0.139857
1 2 3 Non-ideal nozzle heat transfer & friction calculations converged in 4 iterations
Error in nozzle inlet Mach: 0.000000
Supersonic flow in bypass fan duct: 1.248770 Mach
>> >> >> >> >> >> >> >> >> 
                            < M A T L A B (R) >
                  Copyright 1984-2012 The MathWorks, Inc.
                    R2012a (7.14.0.739) 64-bit (glnxa64)
                              February 9, 2012

 
To get started, type one of these: helpwin, helpdesk, or demo.
For product information, visit www.mathworks.com.
 
>> >> >> >> >> >> >> >> >> >> >> >> >> >> >> >> >> >> >> >> >> >> >> >> >> >> >> >> >> >> >> >> >> >> >> >> >> >> >> >> >> >> >> >> >> >> >> >> >> >> >> >> 1 2 3 Non-ideal nozzle heat transfer & friction calculations converged in 4 iterations
Error in nozzle inlet Mach: 0.155141
1 2 3 Non-ideal nozzle heat transfer & friction calculations converged in 4 iterations
Error in nozzle inlet Mach: 0.000000
Supersonic flow in bypass fan duct: 1.261958 Mach
>> >> >> >> >> >> >> >> >> 
                            < M A T L A B (R) >
                  Copyright 1984-2012 The MathWorks, Inc.
                    R2012a (7.14.0.739) 64-bit (glnxa64)
                              February 9, 2012

 
To get started, type one of these: helpwin, helpdesk, or demo.
For product information, visit www.mathworks.com.
 
>> >> >> >> >> >> >> >> >> >> >> >> >> >> >> >> >> >> >> >> >> >> >> >> >> >> >> >> >> >> >> >> >> >> >> >> >> >> >> >> >> >> >> >> >> >> >> >> >> >> >> >> 1 2 3 Non-ideal nozzle heat transfer & friction calculations converged in 4 iterations
Error in nozzle inlet Mach: 0.169049
1 2 3 Non-ideal nozzle heat transfer & friction calculations converged in 4 iterations
Error in nozzle inlet Mach: 0.000000
Supersonic flow in bypass fan duct: 1.273673 Mach
>> >> >> >> >> >> >> >> >> 
                            < M A T L A B (R) >
                  Copyright 1984-2012 The MathWorks, Inc.
                    R2012a (7.14.0.739) 64-bit (glnxa64)
                              February 9, 2012

 
To get started, type one of these: helpwin, helpdesk, or demo.
For product information, visit www.mathworks.com.
 
>> >> >> >> >> >> >> >> >> >> >> >> >> >> >> >> >> >> >> >> >> >> >> >> >> >> >> >> >> >> >> >> >> >> >> >> >> >> >> >> >> >> >> >> >> >> >> >> >> >> >> >> 1 2 3 Non-ideal nozzle heat transfer & friction calculations converged in 4 iterations
Error in nozzle inlet Mach: 0.171921
1 2 3 Non-ideal nozzle heat transfer & friction calculations converged in 4 iterations
Error in nozzle inlet Mach: 0.000000
Supersonic flow in bypass fan duct: 1.276010 Mach
>> >> >> >> >> >> >> >> >> 
                            < M A T L A B (R) >
                  Copyright 1984-2012 The MathWorks, Inc.
                    R2012a (7.14.0.739) 64-bit (glnxa64)
                              February 9, 2012

 
To get started, type one of these: helpwin, helpdesk, or demo.
For product information, visit www.mathworks.com.
 
>> >> >> >> >> >> >> >> >> >> >> >> >> >> >> >> >> >> >> >> >> >> >> >> >> >> >> >> >> >> >> >> >> >> >> >> >> >> >> >> >> >> >> >> >> >> >> >> >> >> >> >> 1 Non-ideal nozzle heat transfer & friction calculations converged in 2 iterations
Error in nozzle inlet Mach: 0.012326
1 Non-ideal nozzle heat transfer & friction calculations converged in 2 iterations
Error in nozzle inlet Mach: -0.000000
>> >> >> >> >> >> >> >> >> 
                            < M A T L A B (R) >
                  Copyright 1984-2012 The MathWorks, Inc.
                    R2012a (7.14.0.739) 64-bit (glnxa64)
                              February 9, 2012

 
To get started, type one of these: helpwin, helpdesk, or demo.
For product information, visit www.mathworks.com.
 
>> >> >> >> >> >> >> >> >> >> >> >> >> >> >> >> >> >> >> >> >> >> >> >> >> >> >> >> >> >> >> >> >> >> >> >> >> >> >> >> >> >> >> >> >> >> >> >> >> >> >> >> 1 Non-ideal nozzle heat transfer & friction calculations converged in 2 iterations
Error in nozzle inlet Mach: 0.040356
1 Non-ideal nozzle heat transfer & friction calculations converged in 2 iterations
Error in nozzle inlet Mach: -0.000001
>> >> >> >> >> >> >> >> >> 
                            < M A T L A B (R) >
                  Copyright 1984-2012 The MathWorks, Inc.
                    R2012a (7.14.0.739) 64-bit (glnxa64)
                              February 9, 2012

 
To get started, type one of these: helpwin, helpdesk, or demo.
For product information, visit www.mathworks.com.
 
>> >> >> >> >> >> >> >> >> >> >> >> >> >> >> >> >> >> >> >> >> >> >> >> >> >> >> >> >> >> >> >> >> >> >> >> >> >> >> >> >> >> >> >> >> >> >> >> >> >> >> >> 1 2 3 Non-ideal nozzle heat transfer & friction calculations converged in 4 iterations
Error in nozzle inlet Mach: 0.065089
1 2 3 Non-ideal nozzle heat transfer & friction calculations converged in 4 iterations
Error in nozzle inlet Mach: -0.000000
>> >> >> >> >> >> >> >> >> 
                            < M A T L A B (R) >
                  Copyright 1984-2012 The MathWorks, Inc.
                    R2012a (7.14.0.739) 64-bit (glnxa64)
                              February 9, 2012

 
To get started, type one of these: helpwin, helpdesk, or demo.
For product information, visit www.mathworks.com.
 
>> >> >> >> >> >> >> >> >> >> >> >> >> >> >> >> >> >> >> >> >> >> >> >> >> >> >> >> >> >> >> >> >> >> >> >> >> >> >> >> >> >> >> >> >> >> >> >> >> >> >> >> 1 2 3 Non-ideal nozzle heat transfer & friction calculations converged in 4 iterations
Error in nozzle inlet Mach: 0.086859
1 2 3 Non-ideal nozzle heat transfer & friction calculations converged in 4 iterations
Error in nozzle inlet Mach: -0.000000
>> >> >> >> >> >> >> >> >> 
                            < M A T L A B (R) >
                  Copyright 1984-2012 The MathWorks, Inc.
                    R2012a (7.14.0.739) 64-bit (glnxa64)
                              February 9, 2012

 
To get started, type one of these: helpwin, helpdesk, or demo.
For product information, visit www.mathworks.com.
 
>> >> >> >> >> >> >> >> >> >> >> >> >> >> >> >> >> >> >> >> >> >> >> >> >> >> >> >> >> >> >> >> >> >> >> >> >> >> >> >> >> >> >> >> >> >> >> >> >> >> >> >> 1 2 3 Non-ideal nozzle heat transfer & friction calculations converged in 4 iterations
Error in nozzle inlet Mach: 0.106319
1 2 3 Non-ideal nozzle heat transfer & friction calculations converged in 4 iterations
Error in nozzle inlet Mach: -0.000000
>> >> >> >> >> >> >> >> >> 
                            < M A T L A B (R) >
                  Copyright 1984-2012 The MathWorks, Inc.
                    R2012a (7.14.0.739) 64-bit (glnxa64)
                              February 9, 2012

 
To get started, type one of these: helpwin, helpdesk, or demo.
For product information, visit www.mathworks.com.
 
>> >> >> >> >> >> >> >> >> >> >> >> >> >> >> >> >> >> >> >> >> >> >> >> >> >> >> >> >> >> >> >> >> >> >> >> >> >> >> >> >> >> >> >> >> >> >> >> >> >> >> >> 1 2 3 Non-ideal nozzle heat transfer & friction calculations converged in 4 iterations
Error in nozzle inlet Mach: 0.123834
1 2 3 Non-ideal nozzle heat transfer & friction calculations converged in 4 iterations
Error in nozzle inlet Mach: 0.000000
Supersonic flow in bypass fan duct: 1.119254 Mach
>> >> >> >> >> >> >> >> >> 
                            < M A T L A B (R) >
                  Copyright 1984-2012 The MathWorks, Inc.
                    R2012a (7.14.0.739) 64-bit (glnxa64)
                              February 9, 2012

 
To get started, type one of these: helpwin, helpdesk, or demo.
For product information, visit www.mathworks.com.
 
>> >> >> >> >> >> >> >> >> >> >> >> >> >> >> >> >> >> >> >> >> >> >> >> >> >> >> >> >> >> >> >> >> >> >> >> >> >> >> >> >> >> >> >> >> >> >> >> >> >> >> >> 1 2 3 Non-ideal nozzle heat transfer & friction calculations converged in 4 iterations
Error in nozzle inlet Mach: 0.139684
1 2 3 Non-ideal nozzle heat transfer & friction calculations converged in 4 iterations
Error in nozzle inlet Mach: 0.000000
Supersonic flow in bypass fan duct: 1.239551 Mach
>> >> >> >> >> >> >> >> >> 
                            < M A T L A B (R) >
                  Copyright 1984-2012 The MathWorks, Inc.
                    R2012a (7.14.0.739) 64-bit (glnxa64)
                              February 9, 2012

 
To get started, type one of these: helpwin, helpdesk, or demo.
For product information, visit www.mathworks.com.
 
>> >> >> >> >> >> >> >> >> >> >> >> >> >> >> >> >> >> >> >> >> >> >> >> >> >> >> >> >> >> >> >> >> >> >> >> >> >> >> >> >> >> >> >> >> >> >> >> >> >> >> >> 1 2 3 Non-ideal nozzle heat transfer & friction calculations converged in 4 iterations
Error in nozzle inlet Mach: 0.154087
1 2 3 Non-ideal nozzle heat transfer & friction calculations converged in 4 iterations
Error in nozzle inlet Mach: 0.000000
Supersonic flow in bypass fan duct: 1.250329 Mach
>> >> >> >> >> >> >> >> >> 
                            < M A T L A B (R) >
                  Copyright 1984-2012 The MathWorks, Inc.
                    R2012a (7.14.0.739) 64-bit (glnxa64)
                              February 9, 2012

 
To get started, type one of these: helpwin, helpdesk, or demo.
For product information, visit www.mathworks.com.
 
>> >> >> >> >> >> >> >> >> >> >> >> >> >> >> >> >> >> >> >> >> >> >> >> >> >> >> >> >> >> >> >> >> >> >> >> >> >> >> >> >> >> >> >> >> >> >> >> >> >> >> >> 1 2 3 Non-ideal nozzle heat transfer & friction calculations converged in 4 iterations
Error in nozzle inlet Mach: 0.157059
1 2 3 Non-ideal nozzle heat transfer & friction calculations converged in 4 iterations
Error in nozzle inlet Mach: 0.000001
Supersonic flow in bypass fan duct: 1.252481 Mach
>> >> >> >> >> >> >> >> >> 
                            < M A T L A B (R) >
                  Copyright 1984-2012 The MathWorks, Inc.
                    R2012a (7.14.0.739) 64-bit (glnxa64)
                              February 9, 2012

 
To get started, type one of these: helpwin, helpdesk, or demo.
For product information, visit www.mathworks.com.
 
>> >> >> >> >> >> >> >> >> >> >> >> >> >> >> >> >> >> >> >> >> >> >> >> >> >> >> >> >> >> >> >> >> >> >> >> >> >> >> >> >> >> >> >> >> >> >> >> >> >> >> >> 1 Non-ideal nozzle heat transfer & friction calculations converged in 2 iterations
Error in nozzle inlet Mach: -0.014831
1 Non-ideal nozzle heat transfer & friction calculations converged in 2 iterations
Error in nozzle inlet Mach: 0.000000
>> >> >> >> >> >> >> >> >> 
                            < M A T L A B (R) >
                  Copyright 1984-2012 The MathWorks, Inc.
                    R2012a (7.14.0.739) 64-bit (glnxa64)
                              February 9, 2012

 
To get started, type one of these: helpwin, helpdesk, or demo.
For product information, visit www.mathworks.com.
 
>> >> >> >> >> >> >> >> >> >> >> >> >> >> >> >> >> >> >> >> >> >> >> >> >> >> >> >> >> >> >> >> >> >> >> >> >> >> >> >> >> >> >> >> >> >> >> >> >> >> >> >> 1 Non-ideal nozzle heat transfer & friction calculations converged in 2 iterations
Error in nozzle inlet Mach: 0.015157
1 Non-ideal nozzle heat transfer & friction calculations converged in 2 iterations
Error in nozzle inlet Mach: -0.000000
>> >> >> >> >> >> >> >> >> 
                            < M A T L A B (R) >
                  Copyright 1984-2012 The MathWorks, Inc.
                    R2012a (7.14.0.739) 64-bit (glnxa64)
                              February 9, 2012

 
To get started, type one of these: helpwin, helpdesk, or demo.
For product information, visit www.mathworks.com.
 
>> >> >> >> >> >> >> >> >> >> >> >> >> >> >> >> >> >> >> >> >> >> >> >> >> >> >> >> >> >> >> >> >> >> >> >> >> >> >> >> >> >> >> >> >> >> >> >> >> >> >> >> 1 2 3 Non-ideal nozzle heat transfer & friction calculations converged in 4 iterations
Error in nozzle inlet Mach: 0.041411
1 2 3 Non-ideal nozzle heat transfer & friction calculations converged in 4 iterations
Error in nozzle inlet Mach: -0.000000
>> >> >> >> >> >> >> >> >> 
                            < M A T L A B (R) >
                  Copyright 1984-2012 The MathWorks, Inc.
                    R2012a (7.14.0.739) 64-bit (glnxa64)
                              February 9, 2012

 
To get started, type one of these: helpwin, helpdesk, or demo.
For product information, visit www.mathworks.com.
 
>> >> >> >> >> >> >> >> >> >> >> >> >> >> >> >> >> >> >> >> >> >> >> >> >> >> >> >> >> >> >> >> >> >> >> >> >> >> >> >> >> >> >> >> >> >> >> >> >> >> >> >> 1 2 3 Non-ideal nozzle heat transfer & friction calculations converged in 4 iterations
Error in nozzle inlet Mach: 0.064417
1 2 3 Non-ideal nozzle heat transfer & friction calculations converged in 4 iterations
Error in nozzle inlet Mach: -0.000000
>> >> >> >> >> >> >> >> >> 
                            < M A T L A B (R) >
                  Copyright 1984-2012 The MathWorks, Inc.
                    R2012a (7.14.0.739) 64-bit (glnxa64)
                              February 9, 2012

 
To get started, type one of these: helpwin, helpdesk, or demo.
For product information, visit www.mathworks.com.
 
>> >> >> >> >> >> >> >> >> >> >> >> >> >> >> >> >> >> >> >> >> >> >> >> >> >> >> >> >> >> >> >> >> >> >> >> >> >> >> >> >> >> >> >> >> >> >> >> >> >> >> >> 1 2 3 Non-ideal nozzle heat transfer & friction calculations converged in 4 iterations
Error in nozzle inlet Mach: 0.084904
1 2 3 Non-ideal nozzle heat transfer & friction calculations converged in 4 iterations
Error in nozzle inlet Mach: -0.000000
>> >> >> >> >> >> >> >> >> 
                            < M A T L A B (R) >
                  Copyright 1984-2012 The MathWorks, Inc.
                    R2012a (7.14.0.739) 64-bit (glnxa64)
                              February 9, 2012

 
To get started, type one of these: helpwin, helpdesk, or demo.
For product information, visit www.mathworks.com.
 
>> >> >> >> >> >> >> >> >> >> >> >> >> >> >> >> >> >> >> >> >> >> >> >> >> >> >> >> >> >> >> >> >> >> >> >> >> >> >> >> >> >> >> >> >> >> >> >> >> >> >> >> 1 2 3 Non-ideal nozzle heat transfer & friction calculations converged in 4 iterations
Error in nozzle inlet Mach: 0.103288
1 2 3 Non-ideal nozzle heat transfer & friction calculations converged in 4 iterations
Error in nozzle inlet Mach: 0.000000
>> >> >> >> >> >> >> >> >> 
                            < M A T L A B (R) >
                  Copyright 1984-2012 The MathWorks, Inc.
                    R2012a (7.14.0.739) 64-bit (glnxa64)
                              February 9, 2012

 
To get started, type one of these: helpwin, helpdesk, or demo.
For product information, visit www.mathworks.com.
 
>> >> >> >> >> >> >> >> >> >> >> >> >> >> >> >> >> >> >> >> >> >> >> >> >> >> >> >> >> >> >> >> >> >> >> >> >> >> >> >> >> >> >> >> >> >> >> >> >> >> >> >> 1 2 3 Non-ideal nozzle heat transfer & friction calculations converged in 4 iterations
Error in nozzle inlet Mach: 0.119883
1 2 3 Non-ideal nozzle heat transfer & friction calculations converged in 4 iterations
Error in nozzle inlet Mach: 0.000000
Supersonic flow in bypass fan duct: 1.049489 Mach
>> >> >> >> >> >> >> >> >> 
                            < M A T L A B (R) >
                  Copyright 1984-2012 The MathWorks, Inc.
                    R2012a (7.14.0.739) 64-bit (glnxa64)
                              February 9, 2012

 
To get started, type one of these: helpwin, helpdesk, or demo.
For product information, visit www.mathworks.com.
 
>> >> >> >> >> >> >> >> >> >> >> >> >> >> >> >> >> >> >> >> >> >> >> >> >> >> >> >> >> >> >> >> >> >> >> >> >> >> >> >> >> >> >> >> >> >> >> >> >> >> >> >> 1 2 3 Non-ideal nozzle heat transfer & friction calculations converged in 4 iterations
Error in nozzle inlet Mach: 0.134932
1 2 3 Non-ideal nozzle heat transfer & friction calculations converged in 4 iterations
Error in nozzle inlet Mach: 0.000001
Supersonic flow in bypass fan duct: 1.224515 Mach
>> >> >> >> >> >> >> >> >> 
                            < M A T L A B (R) >
                  Copyright 1984-2012 The MathWorks, Inc.
                    R2012a (7.14.0.739) 64-bit (glnxa64)
                              February 9, 2012

 
To get started, type one of these: helpwin, helpdesk, or demo.
For product information, visit www.mathworks.com.
 
>> >> >> >> >> >> >> >> >> >> >> >> >> >> >> >> >> >> >> >> >> >> >> >> >> >> >> >> >> >> >> >> >> >> >> >> >> >> >> >> >> >> >> >> >> >> >> >> >> >> >> >> 1 2 3 Non-ideal nozzle heat transfer & friction calculations converged in 4 iterations
Error in nozzle inlet Mach: 0.138033
1 2 3 Non-ideal nozzle heat transfer & friction calculations converged in 4 iterations
Error in nozzle inlet Mach: 0.000001
1 2 3 Non-ideal nozzle heat transfer & friction calculations converged in 4 iterations
Error in nozzle inlet Mach: -0.000000
Nozzle inlet Mach number not converged.
Supersonic flow in bypass fan duct: 1.228938 Mach
>> >> >> >> >> >> >> >> >> 
                            < M A T L A B (R) >
                  Copyright 1984-2012 The MathWorks, Inc.
                    R2012a (7.14.0.739) 64-bit (glnxa64)
                              February 9, 2012

 
To get started, type one of these: helpwin, helpdesk, or demo.
For product information, visit www.mathworks.com.
 
>> >> >> >> >> >> >> >> >> >> >> >> >> >> >> >> >> >> >> >> >> >> >> >> >> >> >> >> >> >> >> >> >> >> >> >> >> >> >> >> >> >> >> >> >> >> >> >> >> >> >> >> 1 Non-ideal nozzle heat transfer & friction calculations converged in 2 iterations
Error in nozzle inlet Mach: -0.049932
1 Non-ideal nozzle heat transfer & friction calculations converged in 2 iterations
Error in nozzle inlet Mach: 0.000000
>> >> >> >> >> >> >> >> >> 
                            < M A T L A B (R) >
                  Copyright 1984-2012 The MathWorks, Inc.
                    R2012a (7.14.0.739) 64-bit (glnxa64)
                              February 9, 2012

 
To get started, type one of these: helpwin, helpdesk, or demo.
For product information, visit www.mathworks.com.
 
>> >> >> >> >> >> >> >> >> >> >> >> >> >> >> >> >> >> >> >> >> >> >> >> >> >> >> >> >> >> >> >> >> >> >> >> >> >> >> >> >> >> >> >> >> >> >> >> >> >> >> >> 1 Non-ideal nozzle heat transfer & friction calculations converged in 2 iterations
Error in nozzle inlet Mach: -0.017074
1 Non-ideal nozzle heat transfer & friction calculations converged in 2 iterations
Error in nozzle inlet Mach: 0.000000
>> >> >> >> >> >> >> >> >> 
                            < M A T L A B (R) >
                  Copyright 1984-2012 The MathWorks, Inc.
                    R2012a (7.14.0.739) 64-bit (glnxa64)
                              February 9, 2012

 
To get started, type one of these: helpwin, helpdesk, or demo.
For product information, visit www.mathworks.com.
 
>> >> >> >> >> >> >> >> >> >> >> >> >> >> >> >> >> >> >> >> >> >> >> >> >> >> >> >> >> >> >> >> >> >> >> >> >> >> >> >> >> >> >> >> >> >> >> >> >> >> >> >> 1 Non-ideal nozzle heat transfer & friction calculations converged in 2 iterations
Error in nozzle inlet Mach: 0.011161
1 Non-ideal nozzle heat transfer & friction calculations converged in 2 iterations
Error in nozzle inlet Mach: -0.000000
>> >> >> >> >> >> >> >> >> 
                            < M A T L A B (R) >
                  Copyright 1984-2012 The MathWorks, Inc.
                    R2012a (7.14.0.739) 64-bit (glnxa64)
                              February 9, 2012

 
To get started, type one of these: helpwin, helpdesk, or demo.
For product information, visit www.mathworks.com.
 
>> >> >> >> >> >> >> >> >> >> >> >> >> >> >> >> >> >> >> >> >> >> >> >> >> >> >> >> >> >> >> >> >> >> >> >> >> >> >> >> >> >> >> >> >> >> >> >> >> >> >> >> 1 2 3 Non-ideal nozzle heat transfer & friction calculations converged in 4 iterations
Error in nozzle inlet Mach: 0.036056
1 2 3 Non-ideal nozzle heat transfer & friction calculations converged in 4 iterations
Error in nozzle inlet Mach: -0.000000
>> >> >> >> >> >> >> >> >> 
                            < M A T L A B (R) >
                  Copyright 1984-2012 The MathWorks, Inc.
                    R2012a (7.14.0.739) 64-bit (glnxa64)
                              February 9, 2012

 
To get started, type one of these: helpwin, helpdesk, or demo.
For product information, visit www.mathworks.com.
 
>> >> >> >> >> >> >> >> >> >> >> >> >> >> >> >> >> >> >> >> >> >> >> >> >> >> >> >> >> >> >> >> >> >> >> >> >> >> >> >> >> >> >> >> >> >> >> >> >> >> >> >> 1 2 3 Non-ideal nozzle heat transfer & friction calculations converged in 4 iterations
Error in nozzle inlet Mach: 0.057933
1 2 3 Non-ideal nozzle heat transfer & friction calculations converged in 4 iterations
Error in nozzle inlet Mach: -0.000000
>> >> >> >> >> >> >> >> >> 
                            < M A T L A B (R) >
                  Copyright 1984-2012 The MathWorks, Inc.
                    R2012a (7.14.0.739) 64-bit (glnxa64)
                              February 9, 2012

 
To get started, type one of these: helpwin, helpdesk, or demo.
For product information, visit www.mathworks.com.
 
>> >> >> >> >> >> >> >> >> >> >> >> >> >> >> >> >> >> >> >> >> >> >> >> >> >> >> >> >> >> >> >> >> >> >> >> >> >> >> >> >> >> >> >> >> >> >> >> >> >> >> >> 1 2 3 Non-ideal nozzle heat transfer & friction calculations converged in 4 iterations
Error in nozzle inlet Mach: 0.077475
1 2 3 Non-ideal nozzle heat transfer & friction calculations converged in 4 iterations
Error in nozzle inlet Mach: -0.000000
>> >> >> >> >> >> >> >> >> 
                            < M A T L A B (R) >
                  Copyright 1984-2012 The MathWorks, Inc.
                    R2012a (7.14.0.739) 64-bit (glnxa64)
                              February 9, 2012

 
To get started, type one of these: helpwin, helpdesk, or demo.
For product information, visit www.mathworks.com.
 
>> >> >> >> >> >> >> >> >> >> >> >> >> >> >> >> >> >> >> >> >> >> >> >> >> >> >> >> >> >> >> >> >> >> >> >> >> >> >> >> >> >> >> >> >> >> >> >> >> >> >> >> 1 2 3 Non-ideal nozzle heat transfer & friction calculations converged in 4 iterations
Error in nozzle inlet Mach: 0.095048
1 2 3 Non-ideal nozzle heat transfer & friction calculations converged in 4 iterations
Error in nozzle inlet Mach: 0.000000
>> >> >> >> >> >> >> >> >> 
                            < M A T L A B (R) >
                  Copyright 1984-2012 The MathWorks, Inc.
                    R2012a (7.14.0.739) 64-bit (glnxa64)
                              February 9, 2012

 
To get started, type one of these: helpwin, helpdesk, or demo.
For product information, visit www.mathworks.com.
 
>> >> >> >> >> >> >> >> >> >> >> >> >> >> >> >> >> >> >> >> >> >> >> >> >> >> >> >> >> >> >> >> >> >> >> >> >> >> >> >> >> >> >> >> >> >> >> >> >> >> >> >> 1 2 3 Non-ideal nozzle heat transfer & friction calculations converged in 4 iterations
Error in nozzle inlet Mach: 0.110933
1 2 3 Non-ideal nozzle heat transfer & friction calculations converged in 4 iterations
Error in nozzle inlet Mach: 0.000001
>> >> >> >> >> >> >> >> >> 
                            < M A T L A B (R) >
                  Copyright 1984-2012 The MathWorks, Inc.
                    R2012a (7.14.0.739) 64-bit (glnxa64)
                              February 9, 2012

 
To get started, type one of these: helpwin, helpdesk, or demo.
For product information, visit www.mathworks.com.
 
>> >> >> >> >> >> >> >> >> >> >> >> >> >> >> >> >> >> >> >> >> >> >> >> >> >> >> >> >> >> >> >> >> >> >> >> >> >> >> >> >> >> >> >> >> >> >> >> >> >> >> >> 1 2 3 Non-ideal nozzle heat transfer & friction calculations converged in 4 iterations
Error in nozzle inlet Mach: 0.114199
1 2 3 Non-ideal nozzle heat transfer & friction calculations converged in 4 iterations
Error in nozzle inlet Mach: 0.000001
>> >> >> >> >> >> >> >> >> 
                            < M A T L A B (R) >
                  Copyright 1984-2012 The MathWorks, Inc.
                    R2012a (7.14.0.739) 64-bit (glnxa64)
                              February 9, 2012

 
To get started, type one of these: helpwin, helpdesk, or demo.
For product information, visit www.mathworks.com.
 
>> >> >> >> >> >> >> >> >> >> >> >> >> >> >> >> >> >> >> >> >> >> >> >> >> >> >> >> >> >> >> >> >> >> >> >> >> >> >> >> >> >> >> >> >> >> >> >> >> >> >> >> 1 Non-ideal nozzle heat transfer & friction calculations converged in 2 iterations
Error in nozzle inlet Mach: -0.095886
1 Non-ideal nozzle heat transfer & friction calculations converged in 2 iterations
Error in nozzle inlet Mach: 0.000000
>> >> >> >> >> >> >> >> >> 
                            < M A T L A B (R) >
                  Copyright 1984-2012 The MathWorks, Inc.
                    R2012a (7.14.0.739) 64-bit (glnxa64)
                              February 9, 2012

 
To get started, type one of these: helpwin, helpdesk, or demo.
For product information, visit www.mathworks.com.
 
>> >> >> >> >> >> >> >> >> >> >> >> >> >> >> >> >> >> >> >> >> >> >> >> >> >> >> >> >> >> >> >> >> >> >> >> >> >> >> >> >> >> >> >> >> >> >> >> >> >> >> >> 1 Non-ideal nozzle heat transfer & friction calculations converged in 2 iterations
Error in nozzle inlet Mach: -0.058497
1 Non-ideal nozzle heat transfer & friction calculations converged in 2 iterations
Error in nozzle inlet Mach: 0.000001
>> >> >> >> >> >> >> >> >> 
                            < M A T L A B (R) >
                  Copyright 1984-2012 The MathWorks, Inc.
                    R2012a (7.14.0.739) 64-bit (glnxa64)
                              February 9, 2012

 
To get started, type one of these: helpwin, helpdesk, or demo.
For product information, visit www.mathworks.com.
 
>> >> >> >> >> >> >> >> >> >> >> >> >> >> >> >> >> >> >> >> >> >> >> >> >> >> >> >> >> >> >> >> >> >> >> >> >> >> >> >> >> >> >> >> >> >> >> >> >> >> >> >> 1 Non-ideal nozzle heat transfer & friction calculations converged in 2 iterations
Error in nozzle inlet Mach: -0.027016
1 Non-ideal nozzle heat transfer & friction calculations converged in 2 iterations
Error in nozzle inlet Mach: 0.000000
>> >> >> >> >> >> >> >> >> 
                            < M A T L A B (R) >
                  Copyright 1984-2012 The MathWorks, Inc.
                    R2012a (7.14.0.739) 64-bit (glnxa64)
                              February 9, 2012

 
To get started, type one of these: helpwin, helpdesk, or demo.
For product information, visit www.mathworks.com.
 
>> >> >> >> >> >> >> >> >> >> >> >> >> >> >> >> >> >> >> >> >> >> >> >> >> >> >> >> >> >> >> >> >> >> >> >> >> >> >> >> >> >> >> >> >> >> >> >> >> >> >> >> 1 2 3 Non-ideal nozzle heat transfer & friction calculations converged in 4 iterations
Error in nozzle inlet Mach: 0.000331
1 2 3 Non-ideal nozzle heat transfer & friction calculations converged in 4 iterations
Error in nozzle inlet Mach: -0.000000
>> >> >> >> >> >> >> >> >> 
                            < M A T L A B (R) >
                  Copyright 1984-2012 The MathWorks, Inc.
                    R2012a (7.14.0.739) 64-bit (glnxa64)
                              February 9, 2012

 
To get started, type one of these: helpwin, helpdesk, or demo.
For product information, visit www.mathworks.com.
 
>> >> >> >> >> >> >> >> >> >> >> >> >> >> >> >> >> >> >> >> >> >> >> >> >> >> >> >> >> >> >> >> >> >> >> >> >> >> >> >> >> >> >> >> >> >> >> >> >> >> >> >> 1 2 3 Non-ideal nozzle heat transfer & friction calculations converged in 4 iterations
Error in nozzle inlet Mach: 0.024155
1 2 3 Non-ideal nozzle heat transfer & friction calculations converged in 4 iterations
Error in nozzle inlet Mach: -0.000000
>> >> >> >> >> >> >> >> >> 
                            < M A T L A B (R) >
                  Copyright 1984-2012 The MathWorks, Inc.
                    R2012a (7.14.0.739) 64-bit (glnxa64)
                              February 9, 2012

 
To get started, type one of these: helpwin, helpdesk, or demo.
For product information, visit www.mathworks.com.
 
>> >> >> >> >> >> >> >> >> >> >> >> >> >> >> >> >> >> >> >> >> >> >> >> >> >> >> >> >> >> >> >> >> >> >> >> >> >> >> >> >> >> >> >> >> >> >> >> >> >> >> >> 1 2 3 Non-ideal nozzle heat transfer & friction calculations converged in 4 iterations
Error in nozzle inlet Mach: 0.045276
1 2 3 Non-ideal nozzle heat transfer & friction calculations converged in 4 iterations
Error in nozzle inlet Mach: -0.000000
>> >> >> >> >> >> >> >> >> 
                            < M A T L A B (R) >
                  Copyright 1984-2012 The MathWorks, Inc.
                    R2012a (7.14.0.739) 64-bit (glnxa64)
                              February 9, 2012

 
To get started, type one of these: helpwin, helpdesk, or demo.
For product information, visit www.mathworks.com.
 
>> >> >> >> >> >> >> >> >> >> >> >> >> >> >> >> >> >> >> >> >> >> >> >> >> >> >> >> >> >> >> >> >> >> >> >> >> >> >> >> >> >> >> >> >> >> >> >> >> >> >> >> 1 2 3 Non-ideal nozzle heat transfer & friction calculations converged in 4 iterations
Error in nozzle inlet Mach: 0.064160
1 2 3 Non-ideal nozzle heat transfer & friction calculations converged in 4 iterations
Error in nozzle inlet Mach: 0.000000
>> >> >> >> >> >> >> >> >> 
                            < M A T L A B (R) >
                  Copyright 1984-2012 The MathWorks, Inc.
                    R2012a (7.14.0.739) 64-bit (glnxa64)
                              February 9, 2012

 
To get started, type one of these: helpwin, helpdesk, or demo.
For product information, visit www.mathworks.com.
 
>> >> >> >> >> >> >> >> >> >> >> >> >> >> >> >> >> >> >> >> >> >> >> >> >> >> >> >> >> >> >> >> >> >> >> >> >> >> >> >> >> >> >> >> >> >> >> >> >> >> >> >> 1 2 3 Non-ideal nozzle heat transfer & friction calculations converged in 4 iterations
Error in nozzle inlet Mach: 0.081146
1 2 3 Non-ideal nozzle heat transfer & friction calculations converged in 4 iterations
Error in nozzle inlet Mach: 0.000000
>> >> >> >> >> >> >> >> >> 
                            < M A T L A B (R) >
                  Copyright 1984-2012 The MathWorks, Inc.
                    R2012a (7.14.0.739) 64-bit (glnxa64)
                              February 9, 2012

 
To get started, type one of these: helpwin, helpdesk, or demo.
For product information, visit www.mathworks.com.
 
>> >> >> >> >> >> >> >> >> >> >> >> >> >> >> >> >> >> >> >> >> >> >> >> >> >> >> >> >> >> >> >> >> >> >> >> >> >> >> >> >> >> >> >> >> >> >> >> >> >> >> >> 1 2 3 Non-ideal nozzle heat transfer & friction calculations converged in 4 iterations
Error in nozzle inlet Mach: 0.084628
1 2 3 Non-ideal nozzle heat transfer & friction calculations converged in 4 iterations
Error in nozzle inlet Mach: 0.000000
>> >> >> >> >> >> >> >> >> 